[2026-03-11T22:26:30.345+0000] {processor.py:186} INFO - Started process (PID=24) to work on /app/data/home/dags/firstproj/first_dag.py
[2026-03-11T22:26:30.346+0000] {processor.py:914} INFO - Processing file /app/data/home/dags/firstproj/first_dag.py for tasks to queue
[2026-03-11T22:26:30.347+0000] {logging_mixin.py:190} INFO - [2026-03-11T22:26:30.347+0000] {dagbag.py:588} INFO - Filling up the DagBag from /app/data/home/dags/firstproj/first_dag.py
[2026-03-11T22:26:30.359+0000] {processor.py:925} INFO - DAG(s) 'first' retrieved from /app/data/home/dags/firstproj/first_dag.py
[2026-03-11T22:26:30.453+0000] {logging_mixin.py:190} INFO - [2026-03-11T22:26:30.453+0000] {override.py:1930} INFO - Created Permission View: can delete on DAG:first
[2026-03-11T22:26:30.456+0000] {logging_mixin.py:190} INFO - [2026-03-11T22:26:30.456+0000] {override.py:1930} INFO - Created Permission View: can edit on DAG:first
[2026-03-11T22:26:30.457+0000] {logging_mixin.py:190} INFO - [2026-03-11T22:26:30.457+0000] {override.py:1930} INFO - Created Permission View: can read on DAG:first
[2026-03-11T22:26:30.459+0000] {logging_mixin.py:190} INFO - [2026-03-11T22:26:30.459+0000] {override.py:1930} INFO - Created Permission View: can delete on DAG Run:first
[2026-03-11T22:26:30.460+0000] {logging_mixin.py:190} INFO - [2026-03-11T22:26:30.460+0000] {override.py:1930} INFO - Created Permission View: can create on DAG Run:first
[2026-03-11T22:26:30.462+0000] {logging_mixin.py:190} INFO - [2026-03-11T22:26:30.461+0000] {override.py:1930} INFO - Created Permission View: menu access on DAG Run:first
[2026-03-11T22:26:30.463+0000] {logging_mixin.py:190} INFO - [2026-03-11T22:26:30.463+0000] {override.py:1930} INFO - Created Permission View: can read on DAG Run:first
[2026-03-11T22:26:30.463+0000] {logging_mixin.py:190} INFO - [2026-03-11T22:26:30.463+0000] {dag.py:3239} INFO - Sync 1 DAGs
[2026-03-11T22:26:30.467+0000] {logging_mixin.py:190} INFO - [2026-03-11T22:26:30.467+0000] {dag.py:3262} INFO - Creating ORM DAG for first
[2026-03-11T22:26:30.471+0000] {logging_mixin.py:190} INFO - [2026-03-11T22:26:30.471+0000] {dag.py:4180} INFO - Setting next_dagrun for first to 2026-03-12 04:33:00+00:00, run_after=2026-03-13 04:33:00+00:00
[2026-03-11T22:26:30.475+0000] {processor.py:208} INFO - Processing /app/data/home/dags/firstproj/first_dag.py took 0.134 seconds
[2026-03-11T22:27:00.604+0000] {processor.py:186} INFO - Started process (PID=25) to work on /app/data/home/dags/firstproj/first_dag.py
[2026-03-11T22:27:00.605+0000] {processor.py:914} INFO - Processing file /app/data/home/dags/firstproj/first_dag.py for tasks to queue
[2026-03-11T22:27:00.606+0000] {logging_mixin.py:190} INFO - [2026-03-11T22:27:00.606+0000] {dagbag.py:588} INFO - Filling up the DagBag from /app/data/home/dags/firstproj/first_dag.py
[2026-03-11T22:27:00.615+0000] {processor.py:925} INFO - DAG(s) 'first' retrieved from /app/data/home/dags/firstproj/first_dag.py
[2026-03-11T22:27:00.626+0000] {logging_mixin.py:190} INFO - [2026-03-11T22:27:00.626+0000] {dag.py:3239} INFO - Sync 1 DAGs
[2026-03-11T22:27:00.636+0000] {logging_mixin.py:190} INFO - [2026-03-11T22:27:00.636+0000] {dag.py:4180} INFO - Setting next_dagrun for first to 2026-03-12 04:33:00+00:00, run_after=2026-03-13 04:33:00+00:00
[2026-03-11T22:27:00.643+0000] {processor.py:208} INFO - Processing /app/data/home/dags/firstproj/first_dag.py took 0.043 seconds
[2026-03-11T22:27:30.823+0000] {processor.py:186} INFO - Started process (PID=26) to work on /app/data/home/dags/firstproj/first_dag.py
[2026-03-11T22:27:30.823+0000] {processor.py:914} INFO - Processing file /app/data/home/dags/firstproj/first_dag.py for tasks to queue
[2026-03-11T22:27:30.825+0000] {logging_mixin.py:190} INFO - [2026-03-11T22:27:30.824+0000] {dagbag.py:588} INFO - Filling up the DagBag from /app/data/home/dags/firstproj/first_dag.py
[2026-03-11T22:27:30.831+0000] {processor.py:925} INFO - DAG(s) 'first' retrieved from /app/data/home/dags/firstproj/first_dag.py
[2026-03-11T22:27:30.842+0000] {logging_mixin.py:190} INFO - [2026-03-11T22:27:30.842+0000] {dag.py:3239} INFO - Sync 1 DAGs
[2026-03-11T22:27:30.852+0000] {logging_mixin.py:190} INFO - [2026-03-11T22:27:30.852+0000] {dag.py:4180} INFO - Setting next_dagrun for first to 2026-03-12 04:33:00+00:00, run_after=2026-03-13 04:33:00+00:00
[2026-03-11T22:27:30.859+0000] {processor.py:208} INFO - Processing /app/data/home/dags/firstproj/first_dag.py took 0.041 seconds
[2026-03-11T22:28:01.070+0000] {processor.py:186} INFO - Started process (PID=27) to work on /app/data/home/dags/firstproj/first_dag.py
[2026-03-11T22:28:01.071+0000] {processor.py:914} INFO - Processing file /app/data/home/dags/firstproj/first_dag.py for tasks to queue
[2026-03-11T22:28:01.072+0000] {logging_mixin.py:190} INFO - [2026-03-11T22:28:01.072+0000] {dagbag.py:588} INFO - Filling up the DagBag from /app/data/home/dags/firstproj/first_dag.py
[2026-03-11T22:28:01.077+0000] {processor.py:925} INFO - DAG(s) 'first' retrieved from /app/data/home/dags/firstproj/first_dag.py
[2026-03-11T22:28:01.087+0000] {logging_mixin.py:190} INFO - [2026-03-11T22:28:01.087+0000] {dag.py:3239} INFO - Sync 1 DAGs
[2026-03-11T22:28:01.097+0000] {logging_mixin.py:190} INFO - [2026-03-11T22:28:01.097+0000] {dag.py:4180} INFO - Setting next_dagrun for first to 2026-03-12 04:33:00+00:00, run_after=2026-03-13 04:33:00+00:00
[2026-03-11T22:28:01.104+0000] {processor.py:208} INFO - Processing /app/data/home/dags/firstproj/first_dag.py took 0.038 seconds
[2026-03-11T22:28:31.358+0000] {processor.py:186} INFO - Started process (PID=65) to work on /app/data/home/dags/firstproj/first_dag.py
[2026-03-11T22:28:31.359+0000] {processor.py:914} INFO - Processing file /app/data/home/dags/firstproj/first_dag.py for tasks to queue
[2026-03-11T22:28:31.360+0000] {logging_mixin.py:190} INFO - [2026-03-11T22:28:31.360+0000] {dagbag.py:588} INFO - Filling up the DagBag from /app/data/home/dags/firstproj/first_dag.py
[2026-03-11T22:28:31.367+0000] {processor.py:925} INFO - DAG(s) 'first' retrieved from /app/data/home/dags/firstproj/first_dag.py
[2026-03-11T22:28:31.380+0000] {logging_mixin.py:190} INFO - [2026-03-11T22:28:31.380+0000] {dag.py:3239} INFO - Sync 1 DAGs
[2026-03-11T22:28:31.394+0000] {logging_mixin.py:190} INFO - [2026-03-11T22:28:31.394+0000] {dag.py:4180} INFO - Setting next_dagrun for first to 2026-03-12 04:33:00+00:00, run_after=2026-03-13 04:33:00+00:00
[2026-03-11T22:28:31.403+0000] {processor.py:208} INFO - Processing /app/data/home/dags/firstproj/first_dag.py took 0.051 seconds
[2026-03-11T22:29:01.595+0000] {processor.py:186} INFO - Started process (PID=73) to work on /app/data/home/dags/firstproj/first_dag.py
[2026-03-11T22:29:01.596+0000] {processor.py:914} INFO - Processing file /app/data/home/dags/firstproj/first_dag.py for tasks to queue
[2026-03-11T22:29:01.598+0000] {logging_mixin.py:190} INFO - [2026-03-11T22:29:01.597+0000] {dagbag.py:588} INFO - Filling up the DagBag from /app/data/home/dags/firstproj/first_dag.py
[2026-03-11T22:29:01.605+0000] {processor.py:925} INFO - DAG(s) 'first' retrieved from /app/data/home/dags/firstproj/first_dag.py
[2026-03-11T22:29:01.617+0000] {logging_mixin.py:190} INFO - [2026-03-11T22:29:01.617+0000] {dag.py:3239} INFO - Sync 1 DAGs
[2026-03-11T22:29:01.629+0000] {logging_mixin.py:190} INFO - [2026-03-11T22:29:01.628+0000] {dag.py:4180} INFO - Setting next_dagrun for first to 2026-03-12 04:33:00+00:00, run_after=2026-03-13 04:33:00+00:00
[2026-03-11T22:29:01.637+0000] {processor.py:208} INFO - Processing /app/data/home/dags/firstproj/first_dag.py took 0.046 seconds
[2026-03-11T22:29:31.880+0000] {processor.py:186} INFO - Started process (PID=74) to work on /app/data/home/dags/firstproj/first_dag.py
[2026-03-11T22:29:31.881+0000] {processor.py:914} INFO - Processing file /app/data/home/dags/firstproj/first_dag.py for tasks to queue
[2026-03-11T22:29:31.882+0000] {logging_mixin.py:190} INFO - [2026-03-11T22:29:31.882+0000] {dagbag.py:588} INFO - Filling up the DagBag from /app/data/home/dags/firstproj/first_dag.py
[2026-03-11T22:29:31.890+0000] {processor.py:925} INFO - DAG(s) 'first' retrieved from /app/data/home/dags/firstproj/first_dag.py
[2026-03-11T22:29:31.902+0000] {logging_mixin.py:190} INFO - [2026-03-11T22:29:31.902+0000] {dag.py:3239} INFO - Sync 1 DAGs
[2026-03-11T22:29:31.914+0000] {logging_mixin.py:190} INFO - [2026-03-11T22:29:31.914+0000] {dag.py:4180} INFO - Setting next_dagrun for first to 2026-03-12 04:33:00+00:00, run_after=2026-03-13 04:33:00+00:00
[2026-03-11T22:29:31.922+0000] {processor.py:208} INFO - Processing /app/data/home/dags/firstproj/first_dag.py took 0.047 seconds
[2026-03-11T22:30:02.124+0000] {processor.py:186} INFO - Started process (PID=75) to work on /app/data/home/dags/firstproj/first_dag.py
[2026-03-11T22:30:02.125+0000] {processor.py:914} INFO - Processing file /app/data/home/dags/firstproj/first_dag.py for tasks to queue
[2026-03-11T22:30:02.127+0000] {logging_mixin.py:190} INFO - [2026-03-11T22:30:02.126+0000] {dagbag.py:588} INFO - Filling up the DagBag from /app/data/home/dags/firstproj/first_dag.py
[2026-03-11T22:30:02.133+0000] {processor.py:925} INFO - DAG(s) 'first' retrieved from /app/data/home/dags/firstproj/first_dag.py
[2026-03-11T22:30:02.144+0000] {logging_mixin.py:190} INFO - [2026-03-11T22:30:02.144+0000] {dag.py:3239} INFO - Sync 1 DAGs
[2026-03-11T22:30:02.155+0000] {logging_mixin.py:190} INFO - [2026-03-11T22:30:02.154+0000] {dag.py:4180} INFO - Setting next_dagrun for first to 2026-03-12 04:33:00+00:00, run_after=2026-03-13 04:33:00+00:00
[2026-03-11T22:30:02.162+0000] {processor.py:208} INFO - Processing /app/data/home/dags/firstproj/first_dag.py took 0.042 seconds
[2026-03-11T22:30:16.253+0000] {processor.py:186} INFO - Started process (PID=76) to work on /app/data/home/dags/firstproj/first_dag.py
[2026-03-11T22:30:16.253+0000] {processor.py:914} INFO - Processing file /app/data/home/dags/firstproj/first_dag.py for tasks to queue
[2026-03-11T22:30:16.255+0000] {logging_mixin.py:190} INFO - [2026-03-11T22:30:16.255+0000] {dagbag.py:588} INFO - Filling up the DagBag from /app/data/home/dags/firstproj/first_dag.py
[2026-03-11T22:30:16.261+0000] {logging_mixin.py:190} INFO - [2026-03-11T22:30:16.260+0000] {dagbag.py:387} ERROR - Failed to import: /app/data/home/dags/firstproj/first_dag.py
Traceback (most recent call last):
  File "/home/airflow/.local/lib/python3.12/site-packages/airflow/models/dagbag.py", line 383, in parse
    loader.exec_module(new_module)
  File "<frozen importlib._bootstrap_external>", line 999, in exec_module
  File "<frozen importlib._bootstrap>", line 488, in _call_with_frames_removed
  File "/app/data/home/dags/firstproj/first_dag.py", line 14, in <module>
    python_callable=runner.extract_data,
                    ^^^^^^
NameError: name 'runner' is not defined
[2026-03-11T22:30:16.262+0000] {processor.py:927} WARNING - No viable dags retrieved from /app/data/home/dags/firstproj/first_dag.py
[2026-03-11T22:30:16.273+0000] {processor.py:208} INFO - Processing /app/data/home/dags/firstproj/first_dag.py took 0.024 seconds
[2026-03-11T22:30:46.491+0000] {processor.py:186} INFO - Started process (PID=77) to work on /app/data/home/dags/firstproj/first_dag.py
[2026-03-11T22:30:46.492+0000] {processor.py:914} INFO - Processing file /app/data/home/dags/firstproj/first_dag.py for tasks to queue
[2026-03-11T22:30:46.494+0000] {logging_mixin.py:190} INFO - [2026-03-11T22:30:46.494+0000] {dagbag.py:588} INFO - Filling up the DagBag from /app/data/home/dags/firstproj/first_dag.py
[2026-03-11T22:30:46.501+0000] {logging_mixin.py:190} INFO - [2026-03-11T22:30:46.499+0000] {dagbag.py:387} ERROR - Failed to import: /app/data/home/dags/firstproj/first_dag.py
Traceback (most recent call last):
  File "/home/airflow/.local/lib/python3.12/site-packages/airflow/models/dagbag.py", line 383, in parse
    loader.exec_module(new_module)
  File "<frozen importlib._bootstrap_external>", line 999, in exec_module
  File "<frozen importlib._bootstrap>", line 488, in _call_with_frames_removed
  File "/app/data/home/dags/firstproj/first_dag.py", line 14, in <module>
    python_callable=runner.extract_data,
                    ^^^^^^
NameError: name 'runner' is not defined
[2026-03-11T22:30:46.502+0000] {processor.py:927} WARNING - No viable dags retrieved from /app/data/home/dags/firstproj/first_dag.py
[2026-03-11T22:30:46.515+0000] {processor.py:208} INFO - Processing /app/data/home/dags/firstproj/first_dag.py took 0.029 seconds
[2026-03-11T22:31:16.715+0000] {processor.py:186} INFO - Started process (PID=78) to work on /app/data/home/dags/firstproj/first_dag.py
[2026-03-11T22:31:16.716+0000] {processor.py:914} INFO - Processing file /app/data/home/dags/firstproj/first_dag.py for tasks to queue
[2026-03-11T22:31:16.717+0000] {logging_mixin.py:190} INFO - [2026-03-11T22:31:16.717+0000] {dagbag.py:588} INFO - Filling up the DagBag from /app/data/home/dags/firstproj/first_dag.py
[2026-03-11T22:31:16.722+0000] {logging_mixin.py:190} INFO - [2026-03-11T22:31:16.721+0000] {dagbag.py:387} ERROR - Failed to import: /app/data/home/dags/firstproj/first_dag.py
Traceback (most recent call last):
  File "/home/airflow/.local/lib/python3.12/site-packages/airflow/models/dagbag.py", line 383, in parse
    loader.exec_module(new_module)
  File "<frozen importlib._bootstrap_external>", line 999, in exec_module
  File "<frozen importlib._bootstrap>", line 488, in _call_with_frames_removed
  File "/app/data/home/dags/firstproj/first_dag.py", line 14, in <module>
    python_callable=runner.extract_data,
                    ^^^^^^
NameError: name 'runner' is not defined
[2026-03-11T22:31:16.723+0000] {processor.py:927} WARNING - No viable dags retrieved from /app/data/home/dags/firstproj/first_dag.py
[2026-03-11T22:31:16.738+0000] {processor.py:208} INFO - Processing /app/data/home/dags/firstproj/first_dag.py took 0.028 seconds
[2026-03-11T22:31:46.980+0000] {processor.py:186} INFO - Started process (PID=79) to work on /app/data/home/dags/firstproj/first_dag.py
[2026-03-11T22:31:46.981+0000] {processor.py:914} INFO - Processing file /app/data/home/dags/firstproj/first_dag.py for tasks to queue
[2026-03-11T22:31:46.982+0000] {logging_mixin.py:190} INFO - [2026-03-11T22:31:46.982+0000] {dagbag.py:588} INFO - Filling up the DagBag from /app/data/home/dags/firstproj/first_dag.py
[2026-03-11T22:31:46.989+0000] {logging_mixin.py:190} INFO - [2026-03-11T22:31:46.987+0000] {dagbag.py:387} ERROR - Failed to import: /app/data/home/dags/firstproj/first_dag.py
Traceback (most recent call last):
  File "/home/airflow/.local/lib/python3.12/site-packages/airflow/models/dagbag.py", line 383, in parse
    loader.exec_module(new_module)
  File "<frozen importlib._bootstrap_external>", line 999, in exec_module
  File "<frozen importlib._bootstrap>", line 488, in _call_with_frames_removed
  File "/app/data/home/dags/firstproj/first_dag.py", line 14, in <module>
    python_callable=runner.extract_data,
                    ^^^^^^
NameError: name 'runner' is not defined
[2026-03-11T22:31:46.990+0000] {processor.py:927} WARNING - No viable dags retrieved from /app/data/home/dags/firstproj/first_dag.py
[2026-03-11T22:31:47.002+0000] {processor.py:208} INFO - Processing /app/data/home/dags/firstproj/first_dag.py took 0.028 seconds
[2026-03-11T22:32:17.247+0000] {processor.py:186} INFO - Started process (PID=80) to work on /app/data/home/dags/firstproj/first_dag.py
[2026-03-11T22:32:17.247+0000] {processor.py:914} INFO - Processing file /app/data/home/dags/firstproj/first_dag.py for tasks to queue
[2026-03-11T22:32:17.248+0000] {logging_mixin.py:190} INFO - [2026-03-11T22:32:17.248+0000] {dagbag.py:588} INFO - Filling up the DagBag from /app/data/home/dags/firstproj/first_dag.py
[2026-03-11T22:32:17.253+0000] {logging_mixin.py:190} INFO - [2026-03-11T22:32:17.252+0000] {dagbag.py:387} ERROR - Failed to import: /app/data/home/dags/firstproj/first_dag.py
Traceback (most recent call last):
  File "/home/airflow/.local/lib/python3.12/site-packages/airflow/models/dagbag.py", line 383, in parse
    loader.exec_module(new_module)
  File "<frozen importlib._bootstrap_external>", line 999, in exec_module
  File "<frozen importlib._bootstrap>", line 488, in _call_with_frames_removed
  File "/app/data/home/dags/firstproj/first_dag.py", line 14, in <module>
    python_callable=runner.extract_data,
                    ^^^^^^
NameError: name 'runner' is not defined
[2026-03-11T22:32:17.254+0000] {processor.py:927} WARNING - No viable dags retrieved from /app/data/home/dags/firstproj/first_dag.py
[2026-03-11T22:32:17.265+0000] {processor.py:208} INFO - Processing /app/data/home/dags/firstproj/first_dag.py took 0.022 seconds
[2026-03-11T22:32:47.501+0000] {processor.py:186} INFO - Started process (PID=81) to work on /app/data/home/dags/firstproj/first_dag.py
[2026-03-11T22:32:47.502+0000] {processor.py:914} INFO - Processing file /app/data/home/dags/firstproj/first_dag.py for tasks to queue
[2026-03-11T22:32:47.503+0000] {logging_mixin.py:190} INFO - [2026-03-11T22:32:47.503+0000] {dagbag.py:588} INFO - Filling up the DagBag from /app/data/home/dags/firstproj/first_dag.py
[2026-03-11T22:32:47.510+0000] {logging_mixin.py:190} INFO - [2026-03-11T22:32:47.508+0000] {dagbag.py:387} ERROR - Failed to import: /app/data/home/dags/firstproj/first_dag.py
Traceback (most recent call last):
  File "/home/airflow/.local/lib/python3.12/site-packages/airflow/models/dagbag.py", line 383, in parse
    loader.exec_module(new_module)
  File "<frozen importlib._bootstrap_external>", line 999, in exec_module
  File "<frozen importlib._bootstrap>", line 488, in _call_with_frames_removed
  File "/app/data/home/dags/firstproj/first_dag.py", line 14, in <module>
    python_callable=runner.extract_data,
                    ^^^^^^
NameError: name 'runner' is not defined
[2026-03-11T22:32:47.511+0000] {processor.py:927} WARNING - No viable dags retrieved from /app/data/home/dags/firstproj/first_dag.py
[2026-03-11T22:32:47.524+0000] {processor.py:208} INFO - Processing /app/data/home/dags/firstproj/first_dag.py took 0.030 seconds
[2026-03-11T22:33:17.712+0000] {processor.py:186} INFO - Started process (PID=82) to work on /app/data/home/dags/firstproj/first_dag.py
[2026-03-11T22:33:17.713+0000] {processor.py:914} INFO - Processing file /app/data/home/dags/firstproj/first_dag.py for tasks to queue
[2026-03-11T22:33:17.714+0000] {logging_mixin.py:190} INFO - [2026-03-11T22:33:17.714+0000] {dagbag.py:588} INFO - Filling up the DagBag from /app/data/home/dags/firstproj/first_dag.py
[2026-03-11T22:33:17.719+0000] {logging_mixin.py:190} INFO - [2026-03-11T22:33:17.718+0000] {dagbag.py:387} ERROR - Failed to import: /app/data/home/dags/firstproj/first_dag.py
Traceback (most recent call last):
  File "/home/airflow/.local/lib/python3.12/site-packages/airflow/models/dagbag.py", line 383, in parse
    loader.exec_module(new_module)
  File "<frozen importlib._bootstrap_external>", line 999, in exec_module
  File "<frozen importlib._bootstrap>", line 488, in _call_with_frames_removed
  File "/app/data/home/dags/firstproj/first_dag.py", line 14, in <module>
    python_callable=runner.extract_data,
                    ^^^^^^
NameError: name 'runner' is not defined
[2026-03-11T22:33:17.720+0000] {processor.py:927} WARNING - No viable dags retrieved from /app/data/home/dags/firstproj/first_dag.py
[2026-03-11T22:33:17.731+0000] {processor.py:208} INFO - Processing /app/data/home/dags/firstproj/first_dag.py took 0.022 seconds
[2026-03-11T22:33:47.949+0000] {processor.py:186} INFO - Started process (PID=83) to work on /app/data/home/dags/firstproj/first_dag.py
[2026-03-11T22:33:47.950+0000] {processor.py:914} INFO - Processing file /app/data/home/dags/firstproj/first_dag.py for tasks to queue
[2026-03-11T22:33:47.951+0000] {logging_mixin.py:190} INFO - [2026-03-11T22:33:47.951+0000] {dagbag.py:588} INFO - Filling up the DagBag from /app/data/home/dags/firstproj/first_dag.py
[2026-03-11T22:33:47.957+0000] {logging_mixin.py:190} INFO - [2026-03-11T22:33:47.956+0000] {dagbag.py:387} ERROR - Failed to import: /app/data/home/dags/firstproj/first_dag.py
Traceback (most recent call last):
  File "/home/airflow/.local/lib/python3.12/site-packages/airflow/models/dagbag.py", line 383, in parse
    loader.exec_module(new_module)
  File "<frozen importlib._bootstrap_external>", line 999, in exec_module
  File "<frozen importlib._bootstrap>", line 488, in _call_with_frames_removed
  File "/app/data/home/dags/firstproj/first_dag.py", line 14, in <module>
    python_callable=runner.extract_data,
                    ^^^^^^
NameError: name 'runner' is not defined
[2026-03-11T22:33:47.959+0000] {processor.py:927} WARNING - No viable dags retrieved from /app/data/home/dags/firstproj/first_dag.py
[2026-03-11T22:33:47.971+0000] {processor.py:208} INFO - Processing /app/data/home/dags/firstproj/first_dag.py took 0.027 seconds
[2026-03-11T22:34:18.167+0000] {processor.py:186} INFO - Started process (PID=84) to work on /app/data/home/dags/firstproj/first_dag.py
[2026-03-11T22:34:18.168+0000] {processor.py:914} INFO - Processing file /app/data/home/dags/firstproj/first_dag.py for tasks to queue
[2026-03-11T22:34:18.169+0000] {logging_mixin.py:190} INFO - [2026-03-11T22:34:18.169+0000] {dagbag.py:588} INFO - Filling up the DagBag from /app/data/home/dags/firstproj/first_dag.py
[2026-03-11T22:34:18.176+0000] {logging_mixin.py:190} INFO - [2026-03-11T22:34:18.174+0000] {dagbag.py:387} ERROR - Failed to import: /app/data/home/dags/firstproj/first_dag.py
Traceback (most recent call last):
  File "/home/airflow/.local/lib/python3.12/site-packages/airflow/models/dagbag.py", line 383, in parse
    loader.exec_module(new_module)
  File "<frozen importlib._bootstrap_external>", line 999, in exec_module
  File "<frozen importlib._bootstrap>", line 488, in _call_with_frames_removed
  File "/app/data/home/dags/firstproj/first_dag.py", line 14, in <module>
    python_callable=runner.extract_data,
                    ^^^^^^
NameError: name 'runner' is not defined
[2026-03-11T22:34:18.177+0000] {processor.py:927} WARNING - No viable dags retrieved from /app/data/home/dags/firstproj/first_dag.py
[2026-03-11T22:34:18.189+0000] {processor.py:208} INFO - Processing /app/data/home/dags/firstproj/first_dag.py took 0.028 seconds
[2026-03-11T22:34:48.442+0000] {processor.py:186} INFO - Started process (PID=85) to work on /app/data/home/dags/firstproj/first_dag.py
[2026-03-11T22:34:48.443+0000] {processor.py:914} INFO - Processing file /app/data/home/dags/firstproj/first_dag.py for tasks to queue
[2026-03-11T22:34:48.445+0000] {logging_mixin.py:190} INFO - [2026-03-11T22:34:48.444+0000] {dagbag.py:588} INFO - Filling up the DagBag from /app/data/home/dags/firstproj/first_dag.py
[2026-03-11T22:34:48.452+0000] {logging_mixin.py:190} INFO - [2026-03-11T22:34:48.451+0000] {dagbag.py:387} ERROR - Failed to import: /app/data/home/dags/firstproj/first_dag.py
Traceback (most recent call last):
  File "/home/airflow/.local/lib/python3.12/site-packages/airflow/models/dagbag.py", line 383, in parse
    loader.exec_module(new_module)
  File "<frozen importlib._bootstrap_external>", line 999, in exec_module
  File "<frozen importlib._bootstrap>", line 488, in _call_with_frames_removed
  File "/app/data/home/dags/firstproj/first_dag.py", line 14, in <module>
    python_callable=runner.extract_data,
                    ^^^^^^
NameError: name 'runner' is not defined
[2026-03-11T22:34:48.453+0000] {processor.py:927} WARNING - No viable dags retrieved from /app/data/home/dags/firstproj/first_dag.py
[2026-03-11T22:34:48.466+0000] {processor.py:208} INFO - Processing /app/data/home/dags/firstproj/first_dag.py took 0.029 seconds
[2026-03-11T22:35:18.707+0000] {processor.py:186} INFO - Started process (PID=86) to work on /app/data/home/dags/firstproj/first_dag.py
[2026-03-11T22:35:18.708+0000] {processor.py:914} INFO - Processing file /app/data/home/dags/firstproj/first_dag.py for tasks to queue
[2026-03-11T22:35:18.709+0000] {logging_mixin.py:190} INFO - [2026-03-11T22:35:18.709+0000] {dagbag.py:588} INFO - Filling up the DagBag from /app/data/home/dags/firstproj/first_dag.py
[2026-03-11T22:35:18.715+0000] {logging_mixin.py:190} INFO - [2026-03-11T22:35:18.714+0000] {dagbag.py:387} ERROR - Failed to import: /app/data/home/dags/firstproj/first_dag.py
Traceback (most recent call last):
  File "/home/airflow/.local/lib/python3.12/site-packages/airflow/models/dagbag.py", line 383, in parse
    loader.exec_module(new_module)
  File "<frozen importlib._bootstrap_external>", line 999, in exec_module
  File "<frozen importlib._bootstrap>", line 488, in _call_with_frames_removed
  File "/app/data/home/dags/firstproj/first_dag.py", line 14, in <module>
    python_callable=runner.extract_data,
                    ^^^^^^
NameError: name 'runner' is not defined
[2026-03-11T22:35:18.716+0000] {processor.py:927} WARNING - No viable dags retrieved from /app/data/home/dags/firstproj/first_dag.py
[2026-03-11T22:35:18.730+0000] {processor.py:208} INFO - Processing /app/data/home/dags/firstproj/first_dag.py took 0.028 seconds
[2026-03-11T22:35:23.750+0000] {processor.py:186} INFO - Started process (PID=87) to work on /app/data/home/dags/firstproj/first_dag.py
[2026-03-11T22:35:23.750+0000] {processor.py:914} INFO - Processing file /app/data/home/dags/firstproj/first_dag.py for tasks to queue
[2026-03-11T22:35:23.751+0000] {logging_mixin.py:190} INFO - [2026-03-11T22:35:23.751+0000] {dagbag.py:588} INFO - Filling up the DagBag from /app/data/home/dags/firstproj/first_dag.py
[2026-03-11T22:35:23.756+0000] {logging_mixin.py:190} INFO - [2026-03-11T22:35:23.756+0000] {dagbag.py:387} ERROR - Failed to import: /app/data/home/dags/firstproj/first_dag.py
Traceback (most recent call last):
  File "/home/airflow/.local/lib/python3.12/site-packages/airflow/models/dagbag.py", line 383, in parse
    loader.exec_module(new_module)
  File "<frozen importlib._bootstrap_external>", line 999, in exec_module
  File "<frozen importlib._bootstrap>", line 488, in _call_with_frames_removed
  File "/app/data/home/dags/firstproj/first_dag.py", line 5, in <module>
    import runner
ModuleNotFoundError: No module named 'runner'
[2026-03-11T22:35:23.757+0000] {processor.py:927} WARNING - No viable dags retrieved from /app/data/home/dags/firstproj/first_dag.py
[2026-03-11T22:35:23.771+0000] {processor.py:208} INFO - Processing /app/data/home/dags/firstproj/first_dag.py took 0.026 seconds
[2026-03-11T22:35:38.893+0000] {processor.py:186} INFO - Started process (PID=88) to work on /app/data/home/dags/firstproj/first_dag.py
[2026-03-11T22:35:38.893+0000] {processor.py:914} INFO - Processing file /app/data/home/dags/firstproj/first_dag.py for tasks to queue
[2026-03-11T22:35:38.894+0000] {logging_mixin.py:190} INFO - [2026-03-11T22:35:38.894+0000] {dagbag.py:588} INFO - Filling up the DagBag from /app/data/home/dags/firstproj/first_dag.py
[2026-03-11T22:35:38.897+0000] {logging_mixin.py:190} INFO - [2026-03-11T22:35:38.896+0000] {dagbag.py:387} ERROR - Failed to import: /app/data/home/dags/firstproj/first_dag.py
Traceback (most recent call last):
  File "/home/airflow/.local/lib/python3.12/site-packages/airflow/models/dagbag.py", line 383, in parse
    loader.exec_module(new_module)
  File "<frozen importlib._bootstrap_external>", line 999, in exec_module
  File "<frozen importlib._bootstrap>", line 488, in _call_with_frames_removed
  File "/app/data/home/dags/firstproj/first_dag.py", line 5, in <module>
    import runner
ModuleNotFoundError: No module named 'runner'
[2026-03-11T22:35:38.897+0000] {processor.py:927} WARNING - No viable dags retrieved from /app/data/home/dags/firstproj/first_dag.py
[2026-03-11T22:35:38.906+0000] {processor.py:208} INFO - Processing /app/data/home/dags/firstproj/first_dag.py took 0.017 seconds
[2026-03-11T22:36:09.164+0000] {processor.py:186} INFO - Started process (PID=89) to work on /app/data/home/dags/firstproj/first_dag.py
[2026-03-11T22:36:09.165+0000] {processor.py:914} INFO - Processing file /app/data/home/dags/firstproj/first_dag.py for tasks to queue
[2026-03-11T22:36:09.166+0000] {logging_mixin.py:190} INFO - [2026-03-11T22:36:09.166+0000] {dagbag.py:588} INFO - Filling up the DagBag from /app/data/home/dags/firstproj/first_dag.py
[2026-03-11T22:36:09.170+0000] {logging_mixin.py:190} INFO - [2026-03-11T22:36:09.169+0000] {dagbag.py:387} ERROR - Failed to import: /app/data/home/dags/firstproj/first_dag.py
Traceback (most recent call last):
  File "/home/airflow/.local/lib/python3.12/site-packages/airflow/models/dagbag.py", line 383, in parse
    loader.exec_module(new_module)
  File "<frozen importlib._bootstrap_external>", line 999, in exec_module
  File "<frozen importlib._bootstrap>", line 488, in _call_with_frames_removed
  File "/app/data/home/dags/firstproj/first_dag.py", line 5, in <module>
    import runner
ModuleNotFoundError: No module named 'runner'
[2026-03-11T22:36:09.171+0000] {processor.py:927} WARNING - No viable dags retrieved from /app/data/home/dags/firstproj/first_dag.py
[2026-03-11T22:36:09.185+0000] {processor.py:208} INFO - Processing /app/data/home/dags/firstproj/first_dag.py took 0.027 seconds
[2026-03-11T22:36:39.457+0000] {processor.py:186} INFO - Started process (PID=90) to work on /app/data/home/dags/firstproj/first_dag.py
[2026-03-11T22:36:39.457+0000] {processor.py:914} INFO - Processing file /app/data/home/dags/firstproj/first_dag.py for tasks to queue
[2026-03-11T22:36:39.458+0000] {logging_mixin.py:190} INFO - [2026-03-11T22:36:39.458+0000] {dagbag.py:588} INFO - Filling up the DagBag from /app/data/home/dags/firstproj/first_dag.py
[2026-03-11T22:36:39.462+0000] {logging_mixin.py:190} INFO - [2026-03-11T22:36:39.461+0000] {dagbag.py:387} ERROR - Failed to import: /app/data/home/dags/firstproj/first_dag.py
Traceback (most recent call last):
  File "/home/airflow/.local/lib/python3.12/site-packages/airflow/models/dagbag.py", line 383, in parse
    loader.exec_module(new_module)
  File "<frozen importlib._bootstrap_external>", line 999, in exec_module
  File "<frozen importlib._bootstrap>", line 488, in _call_with_frames_removed
  File "/app/data/home/dags/firstproj/first_dag.py", line 5, in <module>
    import runner
ModuleNotFoundError: No module named 'runner'
[2026-03-11T22:36:39.462+0000] {processor.py:927} WARNING - No viable dags retrieved from /app/data/home/dags/firstproj/first_dag.py
[2026-03-11T22:36:39.476+0000] {processor.py:208} INFO - Processing /app/data/home/dags/firstproj/first_dag.py took 0.025 seconds
[2026-03-11T22:37:09.722+0000] {processor.py:186} INFO - Started process (PID=91) to work on /app/data/home/dags/firstproj/first_dag.py
[2026-03-11T22:37:09.723+0000] {processor.py:914} INFO - Processing file /app/data/home/dags/firstproj/first_dag.py for tasks to queue
[2026-03-11T22:37:09.724+0000] {logging_mixin.py:190} INFO - [2026-03-11T22:37:09.724+0000] {dagbag.py:588} INFO - Filling up the DagBag from /app/data/home/dags/firstproj/first_dag.py
[2026-03-11T22:37:09.727+0000] {logging_mixin.py:190} INFO - [2026-03-11T22:37:09.727+0000] {dagbag.py:387} ERROR - Failed to import: /app/data/home/dags/firstproj/first_dag.py
Traceback (most recent call last):
  File "/home/airflow/.local/lib/python3.12/site-packages/airflow/models/dagbag.py", line 383, in parse
    loader.exec_module(new_module)
  File "<frozen importlib._bootstrap_external>", line 999, in exec_module
  File "<frozen importlib._bootstrap>", line 488, in _call_with_frames_removed
  File "/app/data/home/dags/firstproj/first_dag.py", line 5, in <module>
    import runner
ModuleNotFoundError: No module named 'runner'
[2026-03-11T22:37:09.728+0000] {processor.py:927} WARNING - No viable dags retrieved from /app/data/home/dags/firstproj/first_dag.py
[2026-03-11T22:37:09.741+0000] {processor.py:208} INFO - Processing /app/data/home/dags/firstproj/first_dag.py took 0.024 seconds
[2026-03-11T22:37:39.984+0000] {processor.py:186} INFO - Started process (PID=92) to work on /app/data/home/dags/firstproj/first_dag.py
[2026-03-11T22:37:39.985+0000] {processor.py:914} INFO - Processing file /app/data/home/dags/firstproj/first_dag.py for tasks to queue
[2026-03-11T22:37:39.985+0000] {logging_mixin.py:190} INFO - [2026-03-11T22:37:39.985+0000] {dagbag.py:588} INFO - Filling up the DagBag from /app/data/home/dags/firstproj/first_dag.py
[2026-03-11T22:37:39.989+0000] {logging_mixin.py:190} INFO - [2026-03-11T22:37:39.988+0000] {dagbag.py:387} ERROR - Failed to import: /app/data/home/dags/firstproj/first_dag.py
Traceback (most recent call last):
  File "/home/airflow/.local/lib/python3.12/site-packages/airflow/models/dagbag.py", line 383, in parse
    loader.exec_module(new_module)
  File "<frozen importlib._bootstrap_external>", line 999, in exec_module
  File "<frozen importlib._bootstrap>", line 488, in _call_with_frames_removed
  File "/app/data/home/dags/firstproj/first_dag.py", line 5, in <module>
    import runner
ModuleNotFoundError: No module named 'runner'
[2026-03-11T22:37:39.990+0000] {processor.py:927} WARNING - No viable dags retrieved from /app/data/home/dags/firstproj/first_dag.py
[2026-03-11T22:37:40.003+0000] {processor.py:208} INFO - Processing /app/data/home/dags/firstproj/first_dag.py took 0.024 seconds
[2026-03-11T22:38:10.273+0000] {processor.py:186} INFO - Started process (PID=93) to work on /app/data/home/dags/firstproj/first_dag.py
[2026-03-11T22:38:10.274+0000] {processor.py:914} INFO - Processing file /app/data/home/dags/firstproj/first_dag.py for tasks to queue
[2026-03-11T22:38:10.275+0000] {logging_mixin.py:190} INFO - [2026-03-11T22:38:10.275+0000] {dagbag.py:588} INFO - Filling up the DagBag from /app/data/home/dags/firstproj/first_dag.py
[2026-03-11T22:38:10.279+0000] {logging_mixin.py:190} INFO - [2026-03-11T22:38:10.278+0000] {dagbag.py:387} ERROR - Failed to import: /app/data/home/dags/firstproj/first_dag.py
Traceback (most recent call last):
  File "/home/airflow/.local/lib/python3.12/site-packages/airflow/models/dagbag.py", line 383, in parse
    loader.exec_module(new_module)
  File "<frozen importlib._bootstrap_external>", line 999, in exec_module
  File "<frozen importlib._bootstrap>", line 488, in _call_with_frames_removed
  File "/app/data/home/dags/firstproj/first_dag.py", line 5, in <module>
    import runner
ModuleNotFoundError: No module named 'runner'
[2026-03-11T22:38:10.280+0000] {processor.py:927} WARNING - No viable dags retrieved from /app/data/home/dags/firstproj/first_dag.py
[2026-03-11T22:38:10.293+0000] {processor.py:208} INFO - Processing /app/data/home/dags/firstproj/first_dag.py took 0.025 seconds
[2026-03-11T22:38:40.568+0000] {processor.py:186} INFO - Started process (PID=94) to work on /app/data/home/dags/firstproj/first_dag.py
[2026-03-11T22:38:40.569+0000] {processor.py:914} INFO - Processing file /app/data/home/dags/firstproj/first_dag.py for tasks to queue
[2026-03-11T22:38:40.570+0000] {logging_mixin.py:190} INFO - [2026-03-11T22:38:40.570+0000] {dagbag.py:588} INFO - Filling up the DagBag from /app/data/home/dags/firstproj/first_dag.py
[2026-03-11T22:38:40.574+0000] {logging_mixin.py:190} INFO - [2026-03-11T22:38:40.573+0000] {dagbag.py:387} ERROR - Failed to import: /app/data/home/dags/firstproj/first_dag.py
Traceback (most recent call last):
  File "/home/airflow/.local/lib/python3.12/site-packages/airflow/models/dagbag.py", line 383, in parse
    loader.exec_module(new_module)
  File "<frozen importlib._bootstrap_external>", line 999, in exec_module
  File "<frozen importlib._bootstrap>", line 488, in _call_with_frames_removed
  File "/app/data/home/dags/firstproj/first_dag.py", line 5, in <module>
    import runner
ModuleNotFoundError: No module named 'runner'
[2026-03-11T22:38:40.575+0000] {processor.py:927} WARNING - No viable dags retrieved from /app/data/home/dags/firstproj/first_dag.py
[2026-03-11T22:38:40.588+0000] {processor.py:208} INFO - Processing /app/data/home/dags/firstproj/first_dag.py took 0.025 seconds
[2026-03-11T22:39:10.887+0000] {processor.py:186} INFO - Started process (PID=95) to work on /app/data/home/dags/firstproj/first_dag.py
[2026-03-11T22:39:10.888+0000] {processor.py:914} INFO - Processing file /app/data/home/dags/firstproj/first_dag.py for tasks to queue
[2026-03-11T22:39:10.889+0000] {logging_mixin.py:190} INFO - [2026-03-11T22:39:10.889+0000] {dagbag.py:588} INFO - Filling up the DagBag from /app/data/home/dags/firstproj/first_dag.py
[2026-03-11T22:39:10.893+0000] {logging_mixin.py:190} INFO - [2026-03-11T22:39:10.892+0000] {dagbag.py:387} ERROR - Failed to import: /app/data/home/dags/firstproj/first_dag.py
Traceback (most recent call last):
  File "/home/airflow/.local/lib/python3.12/site-packages/airflow/models/dagbag.py", line 383, in parse
    loader.exec_module(new_module)
  File "<frozen importlib._bootstrap_external>", line 999, in exec_module
  File "<frozen importlib._bootstrap>", line 488, in _call_with_frames_removed
  File "/app/data/home/dags/firstproj/first_dag.py", line 5, in <module>
    import runner
ModuleNotFoundError: No module named 'runner'
[2026-03-11T22:39:10.893+0000] {processor.py:927} WARNING - No viable dags retrieved from /app/data/home/dags/firstproj/first_dag.py
[2026-03-11T22:39:10.907+0000] {processor.py:208} INFO - Processing /app/data/home/dags/firstproj/first_dag.py took 0.026 seconds
[2026-03-11T22:39:41.165+0000] {processor.py:186} INFO - Started process (PID=96) to work on /app/data/home/dags/firstproj/first_dag.py
[2026-03-11T22:39:41.166+0000] {processor.py:914} INFO - Processing file /app/data/home/dags/firstproj/first_dag.py for tasks to queue
[2026-03-11T22:39:41.167+0000] {logging_mixin.py:190} INFO - [2026-03-11T22:39:41.167+0000] {dagbag.py:588} INFO - Filling up the DagBag from /app/data/home/dags/firstproj/first_dag.py
[2026-03-11T22:39:41.172+0000] {logging_mixin.py:190} INFO - [2026-03-11T22:39:41.171+0000] {dagbag.py:387} ERROR - Failed to import: /app/data/home/dags/firstproj/first_dag.py
Traceback (most recent call last):
  File "/home/airflow/.local/lib/python3.12/site-packages/airflow/models/dagbag.py", line 383, in parse
    loader.exec_module(new_module)
  File "<frozen importlib._bootstrap_external>", line 999, in exec_module
  File "<frozen importlib._bootstrap>", line 488, in _call_with_frames_removed
  File "/app/data/home/dags/firstproj/first_dag.py", line 5, in <module>
    import runner
ModuleNotFoundError: No module named 'runner'
[2026-03-11T22:39:41.172+0000] {processor.py:927} WARNING - No viable dags retrieved from /app/data/home/dags/firstproj/first_dag.py
[2026-03-11T22:39:41.187+0000] {processor.py:208} INFO - Processing /app/data/home/dags/firstproj/first_dag.py took 0.027 seconds
[2026-03-11T22:40:11.487+0000] {processor.py:186} INFO - Started process (PID=97) to work on /app/data/home/dags/firstproj/first_dag.py
[2026-03-11T22:40:11.487+0000] {processor.py:914} INFO - Processing file /app/data/home/dags/firstproj/first_dag.py for tasks to queue
[2026-03-11T22:40:11.489+0000] {logging_mixin.py:190} INFO - [2026-03-11T22:40:11.489+0000] {dagbag.py:588} INFO - Filling up the DagBag from /app/data/home/dags/firstproj/first_dag.py
[2026-03-11T22:40:11.492+0000] {logging_mixin.py:190} INFO - [2026-03-11T22:40:11.491+0000] {dagbag.py:387} ERROR - Failed to import: /app/data/home/dags/firstproj/first_dag.py
Traceback (most recent call last):
  File "/home/airflow/.local/lib/python3.12/site-packages/airflow/models/dagbag.py", line 383, in parse
    loader.exec_module(new_module)
  File "<frozen importlib._bootstrap_external>", line 999, in exec_module
  File "<frozen importlib._bootstrap>", line 488, in _call_with_frames_removed
  File "/app/data/home/dags/firstproj/first_dag.py", line 5, in <module>
    import runner
ModuleNotFoundError: No module named 'runner'
[2026-03-11T22:40:11.493+0000] {processor.py:927} WARNING - No viable dags retrieved from /app/data/home/dags/firstproj/first_dag.py
[2026-03-11T22:40:11.505+0000] {processor.py:208} INFO - Processing /app/data/home/dags/firstproj/first_dag.py took 0.024 seconds
[2026-03-11T22:40:41.791+0000] {processor.py:186} INFO - Started process (PID=98) to work on /app/data/home/dags/firstproj/first_dag.py
[2026-03-11T22:40:41.792+0000] {processor.py:914} INFO - Processing file /app/data/home/dags/firstproj/first_dag.py for tasks to queue
[2026-03-11T22:40:41.792+0000] {logging_mixin.py:190} INFO - [2026-03-11T22:40:41.792+0000] {dagbag.py:588} INFO - Filling up the DagBag from /app/data/home/dags/firstproj/first_dag.py
[2026-03-11T22:40:41.795+0000] {logging_mixin.py:190} INFO - [2026-03-11T22:40:41.794+0000] {dagbag.py:387} ERROR - Failed to import: /app/data/home/dags/firstproj/first_dag.py
Traceback (most recent call last):
  File "/home/airflow/.local/lib/python3.12/site-packages/airflow/models/dagbag.py", line 383, in parse
    loader.exec_module(new_module)
  File "<frozen importlib._bootstrap_external>", line 999, in exec_module
  File "<frozen importlib._bootstrap>", line 488, in _call_with_frames_removed
  File "/app/data/home/dags/firstproj/first_dag.py", line 5, in <module>
    import runner
ModuleNotFoundError: No module named 'runner'
[2026-03-11T22:40:41.795+0000] {processor.py:927} WARNING - No viable dags retrieved from /app/data/home/dags/firstproj/first_dag.py
[2026-03-11T22:40:41.806+0000] {processor.py:208} INFO - Processing /app/data/home/dags/firstproj/first_dag.py took 0.019 seconds
[2026-03-11T22:41:12.083+0000] {processor.py:186} INFO - Started process (PID=99) to work on /app/data/home/dags/firstproj/first_dag.py
[2026-03-11T22:41:12.084+0000] {processor.py:914} INFO - Processing file /app/data/home/dags/firstproj/first_dag.py for tasks to queue
[2026-03-11T22:41:12.085+0000] {logging_mixin.py:190} INFO - [2026-03-11T22:41:12.085+0000] {dagbag.py:588} INFO - Filling up the DagBag from /app/data/home/dags/firstproj/first_dag.py
[2026-03-11T22:41:12.089+0000] {logging_mixin.py:190} INFO - [2026-03-11T22:41:12.088+0000] {dagbag.py:387} ERROR - Failed to import: /app/data/home/dags/firstproj/first_dag.py
Traceback (most recent call last):
  File "/home/airflow/.local/lib/python3.12/site-packages/airflow/models/dagbag.py", line 383, in parse
    loader.exec_module(new_module)
  File "<frozen importlib._bootstrap_external>", line 999, in exec_module
  File "<frozen importlib._bootstrap>", line 488, in _call_with_frames_removed
  File "/app/data/home/dags/firstproj/first_dag.py", line 5, in <module>
    import runner
ModuleNotFoundError: No module named 'runner'
[2026-03-11T22:41:12.089+0000] {processor.py:927} WARNING - No viable dags retrieved from /app/data/home/dags/firstproj/first_dag.py
[2026-03-11T22:41:12.102+0000] {processor.py:208} INFO - Processing /app/data/home/dags/firstproj/first_dag.py took 0.025 seconds
[2026-03-11T22:41:42.410+0000] {processor.py:186} INFO - Started process (PID=100) to work on /app/data/home/dags/firstproj/first_dag.py
[2026-03-11T22:41:42.411+0000] {processor.py:914} INFO - Processing file /app/data/home/dags/firstproj/first_dag.py for tasks to queue
[2026-03-11T22:41:42.412+0000] {logging_mixin.py:190} INFO - [2026-03-11T22:41:42.411+0000] {dagbag.py:588} INFO - Filling up the DagBag from /app/data/home/dags/firstproj/first_dag.py
[2026-03-11T22:41:42.416+0000] {logging_mixin.py:190} INFO - [2026-03-11T22:41:42.415+0000] {dagbag.py:387} ERROR - Failed to import: /app/data/home/dags/firstproj/first_dag.py
Traceback (most recent call last):
  File "/home/airflow/.local/lib/python3.12/site-packages/airflow/models/dagbag.py", line 383, in parse
    loader.exec_module(new_module)
  File "<frozen importlib._bootstrap_external>", line 999, in exec_module
  File "<frozen importlib._bootstrap>", line 488, in _call_with_frames_removed
  File "/app/data/home/dags/firstproj/first_dag.py", line 5, in <module>
    import runner
ModuleNotFoundError: No module named 'runner'
[2026-03-11T22:41:42.416+0000] {processor.py:927} WARNING - No viable dags retrieved from /app/data/home/dags/firstproj/first_dag.py
[2026-03-11T22:41:42.431+0000] {processor.py:208} INFO - Processing /app/data/home/dags/firstproj/first_dag.py took 0.026 seconds
[2026-03-11T22:42:12.737+0000] {processor.py:186} INFO - Started process (PID=101) to work on /app/data/home/dags/firstproj/first_dag.py
[2026-03-11T22:42:12.737+0000] {processor.py:914} INFO - Processing file /app/data/home/dags/firstproj/first_dag.py for tasks to queue
[2026-03-11T22:42:12.738+0000] {logging_mixin.py:190} INFO - [2026-03-11T22:42:12.738+0000] {dagbag.py:588} INFO - Filling up the DagBag from /app/data/home/dags/firstproj/first_dag.py
[2026-03-11T22:42:12.742+0000] {logging_mixin.py:190} INFO - [2026-03-11T22:42:12.741+0000] {dagbag.py:387} ERROR - Failed to import: /app/data/home/dags/firstproj/first_dag.py
Traceback (most recent call last):
  File "/home/airflow/.local/lib/python3.12/site-packages/airflow/models/dagbag.py", line 383, in parse
    loader.exec_module(new_module)
  File "<frozen importlib._bootstrap_external>", line 999, in exec_module
  File "<frozen importlib._bootstrap>", line 488, in _call_with_frames_removed
  File "/app/data/home/dags/firstproj/first_dag.py", line 5, in <module>
    import runner
ModuleNotFoundError: No module named 'runner'
[2026-03-11T22:42:12.742+0000] {processor.py:927} WARNING - No viable dags retrieved from /app/data/home/dags/firstproj/first_dag.py
[2026-03-11T22:42:12.756+0000] {processor.py:208} INFO - Processing /app/data/home/dags/firstproj/first_dag.py took 0.022 seconds
[2026-03-11T22:42:43.048+0000] {processor.py:186} INFO - Started process (PID=102) to work on /app/data/home/dags/firstproj/first_dag.py
[2026-03-11T22:42:43.049+0000] {processor.py:914} INFO - Processing file /app/data/home/dags/firstproj/first_dag.py for tasks to queue
[2026-03-11T22:42:43.050+0000] {logging_mixin.py:190} INFO - [2026-03-11T22:42:43.050+0000] {dagbag.py:588} INFO - Filling up the DagBag from /app/data/home/dags/firstproj/first_dag.py
[2026-03-11T22:42:43.055+0000] {logging_mixin.py:190} INFO - [2026-03-11T22:42:43.054+0000] {dagbag.py:387} ERROR - Failed to import: /app/data/home/dags/firstproj/first_dag.py
Traceback (most recent call last):
  File "/home/airflow/.local/lib/python3.12/site-packages/airflow/models/dagbag.py", line 383, in parse
    loader.exec_module(new_module)
  File "<frozen importlib._bootstrap_external>", line 999, in exec_module
  File "<frozen importlib._bootstrap>", line 488, in _call_with_frames_removed
  File "/app/data/home/dags/firstproj/first_dag.py", line 5, in <module>
    import runner
ModuleNotFoundError: No module named 'runner'
[2026-03-11T22:42:43.055+0000] {processor.py:927} WARNING - No viable dags retrieved from /app/data/home/dags/firstproj/first_dag.py
[2026-03-11T22:42:43.069+0000] {processor.py:208} INFO - Processing /app/data/home/dags/firstproj/first_dag.py took 0.028 seconds
[2026-03-11T22:43:13.329+0000] {processor.py:186} INFO - Started process (PID=103) to work on /app/data/home/dags/firstproj/first_dag.py
[2026-03-11T22:43:13.329+0000] {processor.py:914} INFO - Processing file /app/data/home/dags/firstproj/first_dag.py for tasks to queue
[2026-03-11T22:43:13.330+0000] {logging_mixin.py:190} INFO - [2026-03-11T22:43:13.330+0000] {dagbag.py:588} INFO - Filling up the DagBag from /app/data/home/dags/firstproj/first_dag.py
[2026-03-11T22:43:13.334+0000] {logging_mixin.py:190} INFO - [2026-03-11T22:43:13.333+0000] {dagbag.py:387} ERROR - Failed to import: /app/data/home/dags/firstproj/first_dag.py
Traceback (most recent call last):
  File "/home/airflow/.local/lib/python3.12/site-packages/airflow/models/dagbag.py", line 383, in parse
    loader.exec_module(new_module)
  File "<frozen importlib._bootstrap_external>", line 999, in exec_module
  File "<frozen importlib._bootstrap>", line 488, in _call_with_frames_removed
  File "/app/data/home/dags/firstproj/first_dag.py", line 5, in <module>
    import runner
ModuleNotFoundError: No module named 'runner'
[2026-03-11T22:43:13.335+0000] {processor.py:927} WARNING - No viable dags retrieved from /app/data/home/dags/firstproj/first_dag.py
[2026-03-11T22:43:13.347+0000] {processor.py:208} INFO - Processing /app/data/home/dags/firstproj/first_dag.py took 0.023 seconds
[2026-03-11T22:43:43.598+0000] {processor.py:186} INFO - Started process (PID=104) to work on /app/data/home/dags/firstproj/first_dag.py
[2026-03-11T22:43:43.599+0000] {processor.py:914} INFO - Processing file /app/data/home/dags/firstproj/first_dag.py for tasks to queue
[2026-03-11T22:43:43.600+0000] {logging_mixin.py:190} INFO - [2026-03-11T22:43:43.600+0000] {dagbag.py:588} INFO - Filling up the DagBag from /app/data/home/dags/firstproj/first_dag.py
[2026-03-11T22:43:43.603+0000] {logging_mixin.py:190} INFO - [2026-03-11T22:43:43.602+0000] {dagbag.py:387} ERROR - Failed to import: /app/data/home/dags/firstproj/first_dag.py
Traceback (most recent call last):
  File "/home/airflow/.local/lib/python3.12/site-packages/airflow/models/dagbag.py", line 383, in parse
    loader.exec_module(new_module)
  File "<frozen importlib._bootstrap_external>", line 999, in exec_module
  File "<frozen importlib._bootstrap>", line 488, in _call_with_frames_removed
  File "/app/data/home/dags/firstproj/first_dag.py", line 5, in <module>
    import runner
ModuleNotFoundError: No module named 'runner'
[2026-03-11T22:43:43.604+0000] {processor.py:927} WARNING - No viable dags retrieved from /app/data/home/dags/firstproj/first_dag.py
[2026-03-11T22:43:43.616+0000] {processor.py:208} INFO - Processing /app/data/home/dags/firstproj/first_dag.py took 0.023 seconds
[2026-03-11T22:44:13.853+0000] {processor.py:186} INFO - Started process (PID=105) to work on /app/data/home/dags/firstproj/first_dag.py
[2026-03-11T22:44:13.853+0000] {processor.py:914} INFO - Processing file /app/data/home/dags/firstproj/first_dag.py for tasks to queue
[2026-03-11T22:44:13.854+0000] {logging_mixin.py:190} INFO - [2026-03-11T22:44:13.854+0000] {dagbag.py:588} INFO - Filling up the DagBag from /app/data/home/dags/firstproj/first_dag.py
[2026-03-11T22:44:13.857+0000] {logging_mixin.py:190} INFO - [2026-03-11T22:44:13.856+0000] {dagbag.py:387} ERROR - Failed to import: /app/data/home/dags/firstproj/first_dag.py
Traceback (most recent call last):
  File "/home/airflow/.local/lib/python3.12/site-packages/airflow/models/dagbag.py", line 383, in parse
    loader.exec_module(new_module)
  File "<frozen importlib._bootstrap_external>", line 999, in exec_module
  File "<frozen importlib._bootstrap>", line 488, in _call_with_frames_removed
  File "/app/data/home/dags/firstproj/first_dag.py", line 5, in <module>
    import runner
ModuleNotFoundError: No module named 'runner'
[2026-03-11T22:44:13.857+0000] {processor.py:927} WARNING - No viable dags retrieved from /app/data/home/dags/firstproj/first_dag.py
[2026-03-11T22:44:13.868+0000] {processor.py:208} INFO - Processing /app/data/home/dags/firstproj/first_dag.py took 0.021 seconds
[2026-03-11T22:44:44.116+0000] {processor.py:186} INFO - Started process (PID=106) to work on /app/data/home/dags/firstproj/first_dag.py
[2026-03-11T22:44:44.117+0000] {processor.py:914} INFO - Processing file /app/data/home/dags/firstproj/first_dag.py for tasks to queue
[2026-03-11T22:44:44.118+0000] {logging_mixin.py:190} INFO - [2026-03-11T22:44:44.117+0000] {dagbag.py:588} INFO - Filling up the DagBag from /app/data/home/dags/firstproj/first_dag.py
[2026-03-11T22:44:44.123+0000] {logging_mixin.py:190} INFO - [2026-03-11T22:44:44.121+0000] {dagbag.py:387} ERROR - Failed to import: /app/data/home/dags/firstproj/first_dag.py
Traceback (most recent call last):
  File "/home/airflow/.local/lib/python3.12/site-packages/airflow/models/dagbag.py", line 383, in parse
    loader.exec_module(new_module)
  File "<frozen importlib._bootstrap_external>", line 999, in exec_module
  File "<frozen importlib._bootstrap>", line 488, in _call_with_frames_removed
  File "/app/data/home/dags/firstproj/first_dag.py", line 5, in <module>
    import runner
ModuleNotFoundError: No module named 'runner'
[2026-03-11T22:44:44.123+0000] {processor.py:927} WARNING - No viable dags retrieved from /app/data/home/dags/firstproj/first_dag.py
[2026-03-11T22:44:44.140+0000] {processor.py:208} INFO - Processing /app/data/home/dags/firstproj/first_dag.py took 0.031 seconds
[2026-03-11T22:45:00.254+0000] {processor.py:186} INFO - Started process (PID=107) to work on /app/data/home/dags/firstproj/first_dag.py
[2026-03-11T22:45:00.255+0000] {processor.py:914} INFO - Processing file /app/data/home/dags/firstproj/first_dag.py for tasks to queue
[2026-03-11T22:45:00.256+0000] {logging_mixin.py:190} INFO - [2026-03-11T22:45:00.256+0000] {dagbag.py:588} INFO - Filling up the DagBag from /app/data/home/dags/firstproj/first_dag.py
[2026-03-11T22:45:00.260+0000] {logging_mixin.py:190} INFO - [2026-03-11T22:45:00.259+0000] {dagbag.py:387} ERROR - Failed to import: /app/data/home/dags/firstproj/first_dag.py
Traceback (most recent call last):
  File "/home/airflow/.local/lib/python3.12/site-packages/airflow/models/dagbag.py", line 383, in parse
    loader.exec_module(new_module)
  File "<frozen importlib._bootstrap_external>", line 999, in exec_module
  File "<frozen importlib._bootstrap>", line 488, in _call_with_frames_removed
  File "/app/data/home/dags/firstproj/first_dag.py", line 6, in <module>
    import runner
ModuleNotFoundError: No module named 'runner'
[2026-03-11T22:45:00.260+0000] {processor.py:927} WARNING - No viable dags retrieved from /app/data/home/dags/firstproj/first_dag.py
[2026-03-11T22:45:00.268+0000] {processor.py:208} INFO - Processing /app/data/home/dags/firstproj/first_dag.py took 0.020 seconds
[2026-03-11T22:45:30.509+0000] {processor.py:186} INFO - Started process (PID=108) to work on /app/data/home/dags/firstproj/first_dag.py
[2026-03-11T22:45:30.510+0000] {processor.py:914} INFO - Processing file /app/data/home/dags/firstproj/first_dag.py for tasks to queue
[2026-03-11T22:45:30.511+0000] {logging_mixin.py:190} INFO - [2026-03-11T22:45:30.511+0000] {dagbag.py:588} INFO - Filling up the DagBag from /app/data/home/dags/firstproj/first_dag.py
[2026-03-11T22:45:30.515+0000] {logging_mixin.py:190} INFO - [2026-03-11T22:45:30.514+0000] {dagbag.py:387} ERROR - Failed to import: /app/data/home/dags/firstproj/first_dag.py
Traceback (most recent call last):
  File "/home/airflow/.local/lib/python3.12/site-packages/airflow/models/dagbag.py", line 383, in parse
    loader.exec_module(new_module)
  File "<frozen importlib._bootstrap_external>", line 999, in exec_module
  File "<frozen importlib._bootstrap>", line 488, in _call_with_frames_removed
  File "/app/data/home/dags/firstproj/first_dag.py", line 6, in <module>
    import runner
ModuleNotFoundError: No module named 'runner'
[2026-03-11T22:45:30.515+0000] {processor.py:927} WARNING - No viable dags retrieved from /app/data/home/dags/firstproj/first_dag.py
[2026-03-11T22:45:30.530+0000] {processor.py:208} INFO - Processing /app/data/home/dags/firstproj/first_dag.py took 0.026 seconds
[2026-03-11T22:46:00.762+0000] {processor.py:186} INFO - Started process (PID=109) to work on /app/data/home/dags/firstproj/first_dag.py
[2026-03-11T22:46:00.763+0000] {processor.py:914} INFO - Processing file /app/data/home/dags/firstproj/first_dag.py for tasks to queue
[2026-03-11T22:46:00.764+0000] {logging_mixin.py:190} INFO - [2026-03-11T22:46:00.764+0000] {dagbag.py:588} INFO - Filling up the DagBag from /app/data/home/dags/firstproj/first_dag.py
[2026-03-11T22:46:00.768+0000] {logging_mixin.py:190} INFO - [2026-03-11T22:46:00.767+0000] {dagbag.py:387} ERROR - Failed to import: /app/data/home/dags/firstproj/first_dag.py
Traceback (most recent call last):
  File "/home/airflow/.local/lib/python3.12/site-packages/airflow/models/dagbag.py", line 383, in parse
    loader.exec_module(new_module)
  File "<frozen importlib._bootstrap_external>", line 999, in exec_module
  File "<frozen importlib._bootstrap>", line 488, in _call_with_frames_removed
  File "/app/data/home/dags/firstproj/first_dag.py", line 6, in <module>
    import runner
ModuleNotFoundError: No module named 'runner'
[2026-03-11T22:46:00.769+0000] {processor.py:927} WARNING - No viable dags retrieved from /app/data/home/dags/firstproj/first_dag.py
[2026-03-11T22:46:00.784+0000] {processor.py:208} INFO - Processing /app/data/home/dags/firstproj/first_dag.py took 0.029 seconds
[2026-03-11T22:46:29.995+0000] {processor.py:186} INFO - Started process (PID=110) to work on /app/data/home/dags/firstproj/first_dag.py
[2026-03-11T22:46:29.996+0000] {processor.py:914} INFO - Processing file /app/data/home/dags/firstproj/first_dag.py for tasks to queue
[2026-03-11T22:46:29.997+0000] {logging_mixin.py:190} INFO - [2026-03-11T22:46:29.997+0000] {dagbag.py:588} INFO - Filling up the DagBag from /app/data/home/dags/firstproj/first_dag.py
[2026-03-11T22:46:30.003+0000] {logging_mixin.py:190} INFO - [2026-03-11T22:46:30.002+0000] {dagbag.py:387} ERROR - Failed to import: /app/data/home/dags/firstproj/first_dag.py
Traceback (most recent call last):
  File "/home/airflow/.local/lib/python3.12/site-packages/airflow/models/dagbag.py", line 383, in parse
    loader.exec_module(new_module)
  File "<frozen importlib._bootstrap_external>", line 999, in exec_module
  File "<frozen importlib._bootstrap>", line 488, in _call_with_frames_removed
  File "/app/data/home/dags/firstproj/first_dag.py", line 6, in <module>
    from firstproj.runner import extract_data, extract_from_clickhouse, train
ModuleNotFoundError: No module named 'firstproj'
[2026-03-11T22:46:30.003+0000] {processor.py:927} WARNING - No viable dags retrieved from /app/data/home/dags/firstproj/first_dag.py
[2026-03-11T22:46:30.019+0000] {processor.py:208} INFO - Processing /app/data/home/dags/firstproj/first_dag.py took 0.030 seconds
[2026-03-11T22:47:00.252+0000] {processor.py:186} INFO - Started process (PID=111) to work on /app/data/home/dags/firstproj/first_dag.py
[2026-03-11T22:47:00.253+0000] {processor.py:914} INFO - Processing file /app/data/home/dags/firstproj/first_dag.py for tasks to queue
[2026-03-11T22:47:00.253+0000] {logging_mixin.py:190} INFO - [2026-03-11T22:47:00.253+0000] {dagbag.py:588} INFO - Filling up the DagBag from /app/data/home/dags/firstproj/first_dag.py
[2026-03-11T22:47:00.257+0000] {logging_mixin.py:190} INFO - [2026-03-11T22:47:00.256+0000] {dagbag.py:387} ERROR - Failed to import: /app/data/home/dags/firstproj/first_dag.py
Traceback (most recent call last):
  File "/home/airflow/.local/lib/python3.12/site-packages/airflow/models/dagbag.py", line 383, in parse
    loader.exec_module(new_module)
  File "<frozen importlib._bootstrap_external>", line 999, in exec_module
  File "<frozen importlib._bootstrap>", line 488, in _call_with_frames_removed
  File "/app/data/home/dags/firstproj/first_dag.py", line 6, in <module>
    from firstproj.runner import extract_data, extract_from_clickhouse, train
ModuleNotFoundError: No module named 'firstproj'
[2026-03-11T22:47:00.258+0000] {processor.py:927} WARNING - No viable dags retrieved from /app/data/home/dags/firstproj/first_dag.py
[2026-03-11T22:47:00.271+0000] {processor.py:208} INFO - Processing /app/data/home/dags/firstproj/first_dag.py took 0.024 seconds
[2026-03-11T22:47:25.450+0000] {processor.py:186} INFO - Started process (PID=112) to work on /app/data/home/dags/firstproj/first_dag.py
[2026-03-11T22:47:25.451+0000] {processor.py:914} INFO - Processing file /app/data/home/dags/firstproj/first_dag.py for tasks to queue
[2026-03-11T22:47:25.451+0000] {logging_mixin.py:190} INFO - [2026-03-11T22:47:25.451+0000] {dagbag.py:588} INFO - Filling up the DagBag from /app/data/home/dags/firstproj/first_dag.py
[2026-03-11T22:47:25.455+0000] {logging_mixin.py:190} INFO - [2026-03-11T22:47:25.454+0000] {dagbag.py:387} ERROR - Failed to import: /app/data/home/dags/firstproj/first_dag.py
Traceback (most recent call last):
  File "/home/airflow/.local/lib/python3.12/site-packages/airflow/models/dagbag.py", line 383, in parse
    loader.exec_module(new_module)
  File "<frozen importlib._bootstrap_external>", line 999, in exec_module
  File "<frozen importlib._bootstrap>", line 488, in _call_with_frames_removed
  File "/app/data/home/dags/firstproj/first_dag.py", line 6, in <module>
    from firstproj.runner import extract_data, extract_from_clickhouse, train
ModuleNotFoundError: No module named 'firstproj'
[2026-03-11T22:47:25.456+0000] {processor.py:927} WARNING - No viable dags retrieved from /app/data/home/dags/firstproj/first_dag.py
[2026-03-11T22:47:25.467+0000] {processor.py:208} INFO - Processing /app/data/home/dags/firstproj/first_dag.py took 0.021 seconds
[2026-03-11T22:47:55.700+0000] {processor.py:186} INFO - Started process (PID=113) to work on /app/data/home/dags/firstproj/first_dag.py
[2026-03-11T22:47:55.700+0000] {processor.py:914} INFO - Processing file /app/data/home/dags/firstproj/first_dag.py for tasks to queue
[2026-03-11T22:47:55.701+0000] {logging_mixin.py:190} INFO - [2026-03-11T22:47:55.701+0000] {dagbag.py:588} INFO - Filling up the DagBag from /app/data/home/dags/firstproj/first_dag.py
[2026-03-11T22:47:55.704+0000] {logging_mixin.py:190} INFO - [2026-03-11T22:47:55.703+0000] {dagbag.py:387} ERROR - Failed to import: /app/data/home/dags/firstproj/first_dag.py
Traceback (most recent call last):
  File "/home/airflow/.local/lib/python3.12/site-packages/airflow/models/dagbag.py", line 383, in parse
    loader.exec_module(new_module)
  File "<frozen importlib._bootstrap_external>", line 999, in exec_module
  File "<frozen importlib._bootstrap>", line 488, in _call_with_frames_removed
  File "/app/data/home/dags/firstproj/first_dag.py", line 6, in <module>
    from firstproj.runner import extract_data, extract_from_clickhouse, train
ModuleNotFoundError: No module named 'firstproj'
[2026-03-11T22:47:55.705+0000] {processor.py:927} WARNING - No viable dags retrieved from /app/data/home/dags/firstproj/first_dag.py
[2026-03-11T22:47:55.716+0000] {processor.py:208} INFO - Processing /app/data/home/dags/firstproj/first_dag.py took 0.020 seconds
[2026-03-11T22:48:25.968+0000] {processor.py:186} INFO - Started process (PID=114) to work on /app/data/home/dags/firstproj/first_dag.py
[2026-03-11T22:48:25.968+0000] {processor.py:914} INFO - Processing file /app/data/home/dags/firstproj/first_dag.py for tasks to queue
[2026-03-11T22:48:25.969+0000] {logging_mixin.py:190} INFO - [2026-03-11T22:48:25.969+0000] {dagbag.py:588} INFO - Filling up the DagBag from /app/data/home/dags/firstproj/first_dag.py
[2026-03-11T22:48:25.973+0000] {logging_mixin.py:190} INFO - [2026-03-11T22:48:25.972+0000] {dagbag.py:387} ERROR - Failed to import: /app/data/home/dags/firstproj/first_dag.py
Traceback (most recent call last):
  File "/home/airflow/.local/lib/python3.12/site-packages/airflow/models/dagbag.py", line 383, in parse
    loader.exec_module(new_module)
  File "<frozen importlib._bootstrap_external>", line 999, in exec_module
  File "<frozen importlib._bootstrap>", line 488, in _call_with_frames_removed
  File "/app/data/home/dags/firstproj/first_dag.py", line 6, in <module>
    from firstproj.runner import extract_data, extract_from_clickhouse, train
ModuleNotFoundError: No module named 'firstproj'
[2026-03-11T22:48:25.974+0000] {processor.py:927} WARNING - No viable dags retrieved from /app/data/home/dags/firstproj/first_dag.py
[2026-03-11T22:48:25.988+0000] {processor.py:208} INFO - Processing /app/data/home/dags/firstproj/first_dag.py took 0.024 seconds
[2026-03-11T22:48:48.141+0000] {processor.py:186} INFO - Started process (PID=115) to work on /app/data/home/dags/firstproj/first_dag.py
[2026-03-11T22:48:48.142+0000] {processor.py:914} INFO - Processing file /app/data/home/dags/firstproj/first_dag.py for tasks to queue
[2026-03-11T22:48:48.142+0000] {logging_mixin.py:190} INFO - [2026-03-11T22:48:48.142+0000] {dagbag.py:588} INFO - Filling up the DagBag from /app/data/home/dags/firstproj/first_dag.py
[2026-03-11T22:48:48.154+0000] {processor.py:925} INFO - DAG(s) 'first' retrieved from /app/data/home/dags/firstproj/first_dag.py
[2026-03-11T22:48:48.217+0000] {logging_mixin.py:190} INFO - [2026-03-11T22:48:48.217+0000] {dag.py:3239} INFO - Sync 1 DAGs
[2026-03-11T22:48:48.227+0000] {logging_mixin.py:190} INFO - [2026-03-11T22:48:48.227+0000] {dag.py:4180} INFO - Setting next_dagrun for first to 2026-03-12 04:33:00+00:00, run_after=2026-03-13 04:33:00+00:00
[2026-03-11T22:48:48.235+0000] {processor.py:208} INFO - Processing /app/data/home/dags/firstproj/first_dag.py took 0.099 seconds
[2026-03-11T22:49:18.393+0000] {processor.py:186} INFO - Started process (PID=116) to work on /app/data/home/dags/firstproj/first_dag.py
[2026-03-11T22:49:18.394+0000] {processor.py:914} INFO - Processing file /app/data/home/dags/firstproj/first_dag.py for tasks to queue
[2026-03-11T22:49:18.396+0000] {logging_mixin.py:190} INFO - [2026-03-11T22:49:18.395+0000] {dagbag.py:588} INFO - Filling up the DagBag from /app/data/home/dags/firstproj/first_dag.py
[2026-03-11T22:49:18.404+0000] {processor.py:925} INFO - DAG(s) 'first' retrieved from /app/data/home/dags/firstproj/first_dag.py
[2026-03-11T22:49:18.421+0000] {logging_mixin.py:190} INFO - [2026-03-11T22:49:18.421+0000] {dag.py:3239} INFO - Sync 1 DAGs
[2026-03-11T22:49:18.433+0000] {logging_mixin.py:190} INFO - [2026-03-11T22:49:18.433+0000] {dag.py:4180} INFO - Setting next_dagrun for first to 2026-03-12 04:33:00+00:00, run_after=2026-03-13 04:33:00+00:00
[2026-03-11T22:49:18.440+0000] {processor.py:208} INFO - Processing /app/data/home/dags/firstproj/first_dag.py took 0.054 seconds
[2026-03-11T22:49:48.683+0000] {processor.py:186} INFO - Started process (PID=117) to work on /app/data/home/dags/firstproj/first_dag.py
[2026-03-11T22:49:48.684+0000] {processor.py:914} INFO - Processing file /app/data/home/dags/firstproj/first_dag.py for tasks to queue
[2026-03-11T22:49:48.685+0000] {logging_mixin.py:190} INFO - [2026-03-11T22:49:48.685+0000] {dagbag.py:588} INFO - Filling up the DagBag from /app/data/home/dags/firstproj/first_dag.py
[2026-03-11T22:49:48.697+0000] {processor.py:925} INFO - DAG(s) 'first' retrieved from /app/data/home/dags/firstproj/first_dag.py
[2026-03-11T22:49:48.717+0000] {logging_mixin.py:190} INFO - [2026-03-11T22:49:48.717+0000] {dag.py:3239} INFO - Sync 1 DAGs
[2026-03-11T22:49:48.730+0000] {logging_mixin.py:190} INFO - [2026-03-11T22:49:48.730+0000] {dag.py:4180} INFO - Setting next_dagrun for first to 2026-03-12 04:33:00+00:00, run_after=2026-03-13 04:33:00+00:00
[2026-03-11T22:49:48.739+0000] {processor.py:208} INFO - Processing /app/data/home/dags/firstproj/first_dag.py took 0.062 seconds
[2026-03-11T22:50:18.898+0000] {processor.py:186} INFO - Started process (PID=118) to work on /app/data/home/dags/firstproj/first_dag.py
[2026-03-11T22:50:18.899+0000] {processor.py:914} INFO - Processing file /app/data/home/dags/firstproj/first_dag.py for tasks to queue
[2026-03-11T22:50:18.900+0000] {logging_mixin.py:190} INFO - [2026-03-11T22:50:18.899+0000] {dagbag.py:588} INFO - Filling up the DagBag from /app/data/home/dags/firstproj/first_dag.py
[2026-03-11T22:50:18.908+0000] {processor.py:925} INFO - DAG(s) 'first' retrieved from /app/data/home/dags/firstproj/first_dag.py
[2026-03-11T22:50:18.925+0000] {logging_mixin.py:190} INFO - [2026-03-11T22:50:18.925+0000] {dag.py:3239} INFO - Sync 1 DAGs
[2026-03-11T22:50:18.935+0000] {logging_mixin.py:190} INFO - [2026-03-11T22:50:18.935+0000] {dag.py:4180} INFO - Setting next_dagrun for first to 2026-03-12 04:33:00+00:00, run_after=2026-03-13 04:33:00+00:00
[2026-03-11T22:50:18.942+0000] {processor.py:208} INFO - Processing /app/data/home/dags/firstproj/first_dag.py took 0.049 seconds
[2026-03-11T22:50:49.141+0000] {processor.py:186} INFO - Started process (PID=119) to work on /app/data/home/dags/firstproj/first_dag.py
[2026-03-11T22:50:49.143+0000] {processor.py:914} INFO - Processing file /app/data/home/dags/firstproj/first_dag.py for tasks to queue
[2026-03-11T22:50:49.144+0000] {logging_mixin.py:190} INFO - [2026-03-11T22:50:49.143+0000] {dagbag.py:588} INFO - Filling up the DagBag from /app/data/home/dags/firstproj/first_dag.py
[2026-03-11T22:50:49.154+0000] {processor.py:925} INFO - DAG(s) 'first' retrieved from /app/data/home/dags/firstproj/first_dag.py
[2026-03-11T22:50:49.170+0000] {logging_mixin.py:190} INFO - [2026-03-11T22:50:49.170+0000] {dag.py:3239} INFO - Sync 1 DAGs
[2026-03-11T22:50:49.181+0000] {logging_mixin.py:190} INFO - [2026-03-11T22:50:49.181+0000] {dag.py:4180} INFO - Setting next_dagrun for first to 2026-03-12 04:33:00+00:00, run_after=2026-03-13 04:33:00+00:00
[2026-03-11T22:50:49.191+0000] {processor.py:208} INFO - Processing /app/data/home/dags/firstproj/first_dag.py took 0.055 seconds
[2026-03-11T22:51:10.306+0000] {processor.py:186} INFO - Started process (PID=120) to work on /app/data/home/dags/firstproj/first_dag.py
[2026-03-11T22:51:10.307+0000] {processor.py:914} INFO - Processing file /app/data/home/dags/firstproj/first_dag.py for tasks to queue
[2026-03-11T22:51:10.308+0000] {logging_mixin.py:190} INFO - [2026-03-11T22:51:10.308+0000] {dagbag.py:588} INFO - Filling up the DagBag from /app/data/home/dags/firstproj/first_dag.py
[2026-03-11T22:51:10.319+0000] {processor.py:925} INFO - DAG(s) 'first' retrieved from /app/data/home/dags/firstproj/first_dag.py
[2026-03-11T22:51:10.335+0000] {logging_mixin.py:190} INFO - [2026-03-11T22:51:10.335+0000] {dag.py:3239} INFO - Sync 1 DAGs
[2026-03-11T22:51:10.346+0000] {logging_mixin.py:190} INFO - [2026-03-11T22:51:10.346+0000] {dag.py:4180} INFO - Setting next_dagrun for first to 2026-03-12 04:33:00+00:00, run_after=2026-03-13 04:33:00+00:00
[2026-03-11T22:51:10.353+0000] {processor.py:208} INFO - Processing /app/data/home/dags/firstproj/first_dag.py took 0.053 seconds
[2026-03-11T22:51:40.638+0000] {processor.py:186} INFO - Started process (PID=121) to work on /app/data/home/dags/firstproj/first_dag.py
[2026-03-11T22:51:40.638+0000] {processor.py:914} INFO - Processing file /app/data/home/dags/firstproj/first_dag.py for tasks to queue
[2026-03-11T22:51:40.639+0000] {logging_mixin.py:190} INFO - [2026-03-11T22:51:40.639+0000] {dagbag.py:588} INFO - Filling up the DagBag from /app/data/home/dags/firstproj/first_dag.py
[2026-03-11T22:51:40.647+0000] {processor.py:925} INFO - DAG(s) 'first' retrieved from /app/data/home/dags/firstproj/first_dag.py
[2026-03-11T22:51:40.663+0000] {logging_mixin.py:190} INFO - [2026-03-11T22:51:40.663+0000] {dag.py:3239} INFO - Sync 1 DAGs
[2026-03-11T22:51:40.674+0000] {logging_mixin.py:190} INFO - [2026-03-11T22:51:40.674+0000] {dag.py:4180} INFO - Setting next_dagrun for first to 2026-03-12 04:33:00+00:00, run_after=2026-03-13 04:33:00+00:00
[2026-03-11T22:51:40.681+0000] {processor.py:208} INFO - Processing /app/data/home/dags/firstproj/first_dag.py took 0.049 seconds
[2026-03-11T22:52:10.930+0000] {processor.py:186} INFO - Started process (PID=122) to work on /app/data/home/dags/firstproj/first_dag.py
[2026-03-11T22:52:10.931+0000] {processor.py:914} INFO - Processing file /app/data/home/dags/firstproj/first_dag.py for tasks to queue
[2026-03-11T22:52:10.932+0000] {logging_mixin.py:190} INFO - [2026-03-11T22:52:10.932+0000] {dagbag.py:588} INFO - Filling up the DagBag from /app/data/home/dags/firstproj/first_dag.py
[2026-03-11T22:52:10.942+0000] {processor.py:925} INFO - DAG(s) 'first' retrieved from /app/data/home/dags/firstproj/first_dag.py
[2026-03-11T22:52:10.958+0000] {logging_mixin.py:190} INFO - [2026-03-11T22:52:10.958+0000] {dag.py:3239} INFO - Sync 1 DAGs
[2026-03-11T22:52:10.969+0000] {logging_mixin.py:190} INFO - [2026-03-11T22:52:10.969+0000] {dag.py:4180} INFO - Setting next_dagrun for first to 2026-03-12 04:33:00+00:00, run_after=2026-03-13 04:33:00+00:00
[2026-03-11T22:52:10.976+0000] {processor.py:208} INFO - Processing /app/data/home/dags/firstproj/first_dag.py took 0.052 seconds
[2026-03-11T22:52:41.223+0000] {processor.py:186} INFO - Started process (PID=123) to work on /app/data/home/dags/firstproj/first_dag.py
[2026-03-11T22:52:41.224+0000] {processor.py:914} INFO - Processing file /app/data/home/dags/firstproj/first_dag.py for tasks to queue
[2026-03-11T22:52:41.226+0000] {logging_mixin.py:190} INFO - [2026-03-11T22:52:41.226+0000] {dagbag.py:588} INFO - Filling up the DagBag from /app/data/home/dags/firstproj/first_dag.py
[2026-03-11T22:52:41.238+0000] {processor.py:925} INFO - DAG(s) 'first' retrieved from /app/data/home/dags/firstproj/first_dag.py
[2026-03-11T22:52:41.259+0000] {logging_mixin.py:190} INFO - [2026-03-11T22:52:41.258+0000] {dag.py:3239} INFO - Sync 1 DAGs
[2026-03-11T22:52:41.272+0000] {logging_mixin.py:190} INFO - [2026-03-11T22:52:41.272+0000] {dag.py:4180} INFO - Setting next_dagrun for first to 2026-03-12 04:33:00+00:00, run_after=2026-03-13 04:33:00+00:00
[2026-03-11T22:52:41.281+0000] {processor.py:208} INFO - Processing /app/data/home/dags/firstproj/first_dag.py took 0.063 seconds
[2026-03-11T22:53:11.501+0000] {processor.py:186} INFO - Started process (PID=124) to work on /app/data/home/dags/firstproj/first_dag.py
[2026-03-11T22:53:11.502+0000] {processor.py:914} INFO - Processing file /app/data/home/dags/firstproj/first_dag.py for tasks to queue
[2026-03-11T22:53:11.503+0000] {logging_mixin.py:190} INFO - [2026-03-11T22:53:11.503+0000] {dagbag.py:588} INFO - Filling up the DagBag from /app/data/home/dags/firstproj/first_dag.py
[2026-03-11T22:53:11.508+0000] {processor.py:925} INFO - DAG(s) 'first' retrieved from /app/data/home/dags/firstproj/first_dag.py
[2026-03-11T22:53:11.524+0000] {logging_mixin.py:190} INFO - [2026-03-11T22:53:11.524+0000] {dag.py:3239} INFO - Sync 1 DAGs
[2026-03-11T22:53:11.535+0000] {logging_mixin.py:190} INFO - [2026-03-11T22:53:11.535+0000] {dag.py:4180} INFO - Setting next_dagrun for first to 2026-03-12 04:33:00+00:00, run_after=2026-03-13 04:33:00+00:00
[2026-03-11T22:53:11.542+0000] {processor.py:208} INFO - Processing /app/data/home/dags/firstproj/first_dag.py took 0.045 seconds
[2026-03-11T22:53:23.639+0000] {processor.py:186} INFO - Started process (PID=125) to work on /app/data/home/dags/firstproj/first_dag.py
[2026-03-11T22:53:23.640+0000] {processor.py:914} INFO - Processing file /app/data/home/dags/firstproj/first_dag.py for tasks to queue
[2026-03-11T22:53:23.641+0000] {logging_mixin.py:190} INFO - [2026-03-11T22:53:23.640+0000] {dagbag.py:588} INFO - Filling up the DagBag from /app/data/home/dags/firstproj/first_dag.py
[2026-03-11T22:53:23.651+0000] {processor.py:925} INFO - DAG(s) 'first' retrieved from /app/data/home/dags/firstproj/first_dag.py
[2026-03-11T22:53:23.706+0000] {logging_mixin.py:190} INFO - [2026-03-11T22:53:23.706+0000] {dag.py:3239} INFO - Sync 1 DAGs
[2026-03-11T22:53:23.714+0000] {logging_mixin.py:190} INFO - [2026-03-11T22:53:23.714+0000] {dag.py:4180} INFO - Setting next_dagrun for first to 2026-03-12 04:33:00+00:00, run_after=2026-03-13 04:33:00+00:00
[2026-03-11T22:53:23.722+0000] {processor.py:208} INFO - Processing /app/data/home/dags/firstproj/first_dag.py took 0.087 seconds
[2026-03-11T22:53:53.933+0000] {processor.py:186} INFO - Started process (PID=126) to work on /app/data/home/dags/firstproj/first_dag.py
[2026-03-11T22:53:53.934+0000] {processor.py:914} INFO - Processing file /app/data/home/dags/firstproj/first_dag.py for tasks to queue
[2026-03-11T22:53:53.935+0000] {logging_mixin.py:190} INFO - [2026-03-11T22:53:53.935+0000] {dagbag.py:588} INFO - Filling up the DagBag from /app/data/home/dags/firstproj/first_dag.py
[2026-03-11T22:53:53.945+0000] {processor.py:925} INFO - DAG(s) 'first' retrieved from /app/data/home/dags/firstproj/first_dag.py
[2026-03-11T22:53:53.964+0000] {logging_mixin.py:190} INFO - [2026-03-11T22:53:53.964+0000] {dag.py:3239} INFO - Sync 1 DAGs
[2026-03-11T22:53:53.977+0000] {logging_mixin.py:190} INFO - [2026-03-11T22:53:53.977+0000] {dag.py:4180} INFO - Setting next_dagrun for first to 2026-03-12 04:33:00+00:00, run_after=2026-03-13 04:33:00+00:00
[2026-03-11T22:53:53.986+0000] {processor.py:208} INFO - Processing /app/data/home/dags/firstproj/first_dag.py took 0.058 seconds
[2026-03-11T22:54:12.234+0000] {processor.py:186} INFO - Started process (PID=23) to work on /app/data/home/dags/firstproj/first_dag.py
[2026-03-11T22:54:12.235+0000] {processor.py:914} INFO - Processing file /app/data/home/dags/firstproj/first_dag.py for tasks to queue
[2026-03-11T22:54:12.238+0000] {logging_mixin.py:190} INFO - [2026-03-11T22:54:12.238+0000] {dagbag.py:588} INFO - Filling up the DagBag from /app/data/home/dags/firstproj/first_dag.py
[2026-03-11T22:54:12.242+0000] {processor.py:925} INFO - DAG(s) 'first' retrieved from /app/data/home/dags/firstproj/first_dag.py
[2026-03-11T22:54:12.253+0000] {logging_mixin.py:190} INFO - [2026-03-11T22:54:12.253+0000] {dag.py:3239} INFO - Sync 1 DAGs
[2026-03-11T22:54:12.261+0000] {logging_mixin.py:190} INFO - [2026-03-11T22:54:12.261+0000] {dag.py:4180} INFO - Setting next_dagrun for first to 2026-03-12 04:33:00+00:00, run_after=2026-03-13 04:33:00+00:00
[2026-03-11T22:54:12.266+0000] {processor.py:208} INFO - Processing /app/data/home/dags/firstproj/first_dag.py took 0.035 seconds
[2026-03-11T22:54:42.478+0000] {processor.py:186} INFO - Started process (PID=25) to work on /app/data/home/dags/firstproj/first_dag.py
[2026-03-11T22:54:42.479+0000] {processor.py:914} INFO - Processing file /app/data/home/dags/firstproj/first_dag.py for tasks to queue
[2026-03-11T22:54:42.481+0000] {logging_mixin.py:190} INFO - [2026-03-11T22:54:42.481+0000] {dagbag.py:588} INFO - Filling up the DagBag from /app/data/home/dags/firstproj/first_dag.py
[2026-03-11T22:54:42.496+0000] {processor.py:925} INFO - DAG(s) 'first' retrieved from /app/data/home/dags/firstproj/first_dag.py
[2026-03-11T22:54:42.513+0000] {logging_mixin.py:190} INFO - [2026-03-11T22:54:42.513+0000] {dag.py:3239} INFO - Sync 1 DAGs
[2026-03-11T22:54:42.522+0000] {logging_mixin.py:190} INFO - [2026-03-11T22:54:42.522+0000] {dag.py:4180} INFO - Setting next_dagrun for first to 2026-03-12 04:33:00+00:00, run_after=2026-03-13 04:33:00+00:00
[2026-03-11T22:54:42.530+0000] {processor.py:208} INFO - Processing /app/data/home/dags/firstproj/first_dag.py took 0.056 seconds
[2026-03-11T22:54:47.530+0000] {processor.py:186} INFO - Started process (PID=26) to work on /app/data/home/dags/firstproj/first_dag.py
[2026-03-11T22:54:47.531+0000] {processor.py:914} INFO - Processing file /app/data/home/dags/firstproj/first_dag.py for tasks to queue
[2026-03-11T22:54:47.533+0000] {logging_mixin.py:190} INFO - [2026-03-11T22:54:47.533+0000] {dagbag.py:588} INFO - Filling up the DagBag from /app/data/home/dags/firstproj/first_dag.py
[2026-03-11T22:54:47.544+0000] {processor.py:925} INFO - DAG(s) 'first' retrieved from /app/data/home/dags/firstproj/first_dag.py
[2026-03-11T22:54:47.595+0000] {logging_mixin.py:190} INFO - [2026-03-11T22:54:47.595+0000] {dag.py:3239} INFO - Sync 1 DAGs
[2026-03-11T22:54:47.604+0000] {logging_mixin.py:190} INFO - [2026-03-11T22:54:47.604+0000] {dag.py:4180} INFO - Setting next_dagrun for first to 2026-03-12 04:33:00+00:00, run_after=2026-03-13 04:33:00+00:00
[2026-03-11T22:54:47.611+0000] {processor.py:208} INFO - Processing /app/data/home/dags/firstproj/first_dag.py took 0.087 seconds
[2026-03-11T22:55:17.880+0000] {processor.py:186} INFO - Started process (PID=27) to work on /app/data/home/dags/firstproj/first_dag.py
[2026-03-11T22:55:17.880+0000] {processor.py:914} INFO - Processing file /app/data/home/dags/firstproj/first_dag.py for tasks to queue
[2026-03-11T22:55:17.882+0000] {logging_mixin.py:190} INFO - [2026-03-11T22:55:17.882+0000] {dagbag.py:588} INFO - Filling up the DagBag from /app/data/home/dags/firstproj/first_dag.py
[2026-03-11T22:55:17.890+0000] {processor.py:925} INFO - DAG(s) 'first' retrieved from /app/data/home/dags/firstproj/first_dag.py
[2026-03-11T22:55:17.907+0000] {logging_mixin.py:190} INFO - [2026-03-11T22:55:17.906+0000] {dag.py:3239} INFO - Sync 1 DAGs
[2026-03-11T22:55:17.916+0000] {logging_mixin.py:190} INFO - [2026-03-11T22:55:17.916+0000] {dag.py:4180} INFO - Setting next_dagrun for first to 2026-03-12 04:33:00+00:00, run_after=2026-03-13 04:33:00+00:00
[2026-03-11T22:55:17.923+0000] {processor.py:208} INFO - Processing /app/data/home/dags/firstproj/first_dag.py took 0.049 seconds
[2026-03-11T22:55:48.187+0000] {processor.py:186} INFO - Started process (PID=28) to work on /app/data/home/dags/firstproj/first_dag.py
[2026-03-11T22:55:48.188+0000] {processor.py:914} INFO - Processing file /app/data/home/dags/firstproj/first_dag.py for tasks to queue
[2026-03-11T22:55:48.190+0000] {logging_mixin.py:190} INFO - [2026-03-11T22:55:48.190+0000] {dagbag.py:588} INFO - Filling up the DagBag from /app/data/home/dags/firstproj/first_dag.py
[2026-03-11T22:55:48.198+0000] {processor.py:925} INFO - DAG(s) 'first' retrieved from /app/data/home/dags/firstproj/first_dag.py
[2026-03-11T22:55:48.215+0000] {logging_mixin.py:190} INFO - [2026-03-11T22:55:48.215+0000] {dag.py:3239} INFO - Sync 1 DAGs
[2026-03-11T22:55:48.225+0000] {logging_mixin.py:190} INFO - [2026-03-11T22:55:48.225+0000] {dag.py:4180} INFO - Setting next_dagrun for first to 2026-03-12 04:33:00+00:00, run_after=2026-03-13 04:33:00+00:00
[2026-03-11T22:55:48.232+0000] {processor.py:208} INFO - Processing /app/data/home/dags/firstproj/first_dag.py took 0.051 seconds
[2026-03-11T22:56:18.453+0000] {processor.py:186} INFO - Started process (PID=29) to work on /app/data/home/dags/firstproj/first_dag.py
[2026-03-11T22:56:18.453+0000] {processor.py:914} INFO - Processing file /app/data/home/dags/firstproj/first_dag.py for tasks to queue
[2026-03-11T22:56:18.454+0000] {logging_mixin.py:190} INFO - [2026-03-11T22:56:18.454+0000] {dagbag.py:588} INFO - Filling up the DagBag from /app/data/home/dags/firstproj/first_dag.py
[2026-03-11T22:56:18.461+0000] {processor.py:925} INFO - DAG(s) 'first' retrieved from /app/data/home/dags/firstproj/first_dag.py
[2026-03-11T22:56:18.477+0000] {logging_mixin.py:190} INFO - [2026-03-11T22:56:18.477+0000] {dag.py:3239} INFO - Sync 1 DAGs
[2026-03-11T22:56:18.486+0000] {logging_mixin.py:190} INFO - [2026-03-11T22:56:18.486+0000] {dag.py:4180} INFO - Setting next_dagrun for first to 2026-03-12 04:33:00+00:00, run_after=2026-03-13 04:33:00+00:00
[2026-03-11T22:56:18.492+0000] {processor.py:208} INFO - Processing /app/data/home/dags/firstproj/first_dag.py took 0.043 seconds
[2026-03-11T22:56:48.721+0000] {processor.py:186} INFO - Started process (PID=30) to work on /app/data/home/dags/firstproj/first_dag.py
[2026-03-11T22:56:48.722+0000] {processor.py:914} INFO - Processing file /app/data/home/dags/firstproj/first_dag.py for tasks to queue
[2026-03-11T22:56:48.723+0000] {logging_mixin.py:190} INFO - [2026-03-11T22:56:48.723+0000] {dagbag.py:588} INFO - Filling up the DagBag from /app/data/home/dags/firstproj/first_dag.py
[2026-03-11T22:56:48.732+0000] {processor.py:925} INFO - DAG(s) 'first' retrieved from /app/data/home/dags/firstproj/first_dag.py
[2026-03-11T22:56:48.747+0000] {logging_mixin.py:190} INFO - [2026-03-11T22:56:48.747+0000] {dag.py:3239} INFO - Sync 1 DAGs
[2026-03-11T22:56:48.757+0000] {logging_mixin.py:190} INFO - [2026-03-11T22:56:48.756+0000] {dag.py:4180} INFO - Setting next_dagrun for first to 2026-03-12 04:33:00+00:00, run_after=2026-03-13 04:33:00+00:00
[2026-03-11T22:56:48.764+0000] {processor.py:208} INFO - Processing /app/data/home/dags/firstproj/first_dag.py took 0.048 seconds
[2026-03-11T22:57:19.001+0000] {processor.py:186} INFO - Started process (PID=31) to work on /app/data/home/dags/firstproj/first_dag.py
[2026-03-11T22:57:19.002+0000] {processor.py:914} INFO - Processing file /app/data/home/dags/firstproj/first_dag.py for tasks to queue
[2026-03-11T22:57:19.003+0000] {logging_mixin.py:190} INFO - [2026-03-11T22:57:19.003+0000] {dagbag.py:588} INFO - Filling up the DagBag from /app/data/home/dags/firstproj/first_dag.py
[2026-03-11T22:57:19.012+0000] {processor.py:925} INFO - DAG(s) 'first' retrieved from /app/data/home/dags/firstproj/first_dag.py
[2026-03-11T22:57:19.028+0000] {logging_mixin.py:190} INFO - [2026-03-11T22:57:19.028+0000] {dag.py:3239} INFO - Sync 1 DAGs
[2026-03-11T22:57:19.038+0000] {logging_mixin.py:190} INFO - [2026-03-11T22:57:19.038+0000] {dag.py:4180} INFO - Setting next_dagrun for first to 2026-03-12 04:33:00+00:00, run_after=2026-03-13 04:33:00+00:00
[2026-03-11T22:57:19.045+0000] {processor.py:208} INFO - Processing /app/data/home/dags/firstproj/first_dag.py took 0.050 seconds
[2026-03-11T22:57:49.255+0000] {processor.py:186} INFO - Started process (PID=44) to work on /app/data/home/dags/firstproj/first_dag.py
[2026-03-11T22:57:49.255+0000] {processor.py:914} INFO - Processing file /app/data/home/dags/firstproj/first_dag.py for tasks to queue
[2026-03-11T22:57:49.257+0000] {logging_mixin.py:190} INFO - [2026-03-11T22:57:49.256+0000] {dagbag.py:588} INFO - Filling up the DagBag from /app/data/home/dags/firstproj/first_dag.py
[2026-03-11T22:57:49.262+0000] {processor.py:925} INFO - DAG(s) 'first' retrieved from /app/data/home/dags/firstproj/first_dag.py
[2026-03-11T22:57:49.274+0000] {logging_mixin.py:190} INFO - [2026-03-11T22:57:49.274+0000] {dag.py:3239} INFO - Sync 1 DAGs
[2026-03-11T22:57:49.288+0000] {logging_mixin.py:190} INFO - [2026-03-11T22:57:49.288+0000] {dag.py:4180} INFO - Setting next_dagrun for first to 2026-03-12 04:33:00+00:00, run_after=2026-03-13 04:33:00+00:00
[2026-03-11T22:57:49.297+0000] {processor.py:208} INFO - Processing /app/data/home/dags/firstproj/first_dag.py took 0.045 seconds
[2026-03-11T22:58:19.553+0000] {processor.py:186} INFO - Started process (PID=53) to work on /app/data/home/dags/firstproj/first_dag.py
[2026-03-11T22:58:19.553+0000] {processor.py:914} INFO - Processing file /app/data/home/dags/firstproj/first_dag.py for tasks to queue
[2026-03-11T22:58:19.554+0000] {logging_mixin.py:190} INFO - [2026-03-11T22:58:19.554+0000] {dagbag.py:588} INFO - Filling up the DagBag from /app/data/home/dags/firstproj/first_dag.py
[2026-03-11T22:58:19.559+0000] {processor.py:925} INFO - DAG(s) 'first' retrieved from /app/data/home/dags/firstproj/first_dag.py
[2026-03-11T22:58:19.570+0000] {logging_mixin.py:190} INFO - [2026-03-11T22:58:19.569+0000] {dag.py:3239} INFO - Sync 1 DAGs
[2026-03-11T22:58:19.578+0000] {logging_mixin.py:190} INFO - [2026-03-11T22:58:19.578+0000] {dag.py:4180} INFO - Setting next_dagrun for first to 2026-03-12 04:33:00+00:00, run_after=2026-03-13 04:33:00+00:00
[2026-03-11T22:58:19.584+0000] {processor.py:208} INFO - Processing /app/data/home/dags/firstproj/first_dag.py took 0.034 seconds
[2026-03-11T22:58:29.762+0000] {processor.py:186} INFO - Started process (PID=23) to work on /app/data/home/dags/firstproj/first_dag.py
[2026-03-11T22:58:29.763+0000] {processor.py:914} INFO - Processing file /app/data/home/dags/firstproj/first_dag.py for tasks to queue
[2026-03-11T22:58:29.767+0000] {logging_mixin.py:190} INFO - [2026-03-11T22:58:29.766+0000] {dagbag.py:588} INFO - Filling up the DagBag from /app/data/home/dags/firstproj/first_dag.py
[2026-03-11T22:58:29.771+0000] {processor.py:925} INFO - DAG(s) 'first' retrieved from /app/data/home/dags/firstproj/first_dag.py
[2026-03-11T22:58:29.781+0000] {logging_mixin.py:190} INFO - [2026-03-11T22:58:29.781+0000] {dag.py:3239} INFO - Sync 1 DAGs
[2026-03-11T22:58:29.789+0000] {logging_mixin.py:190} INFO - [2026-03-11T22:58:29.789+0000] {dag.py:4180} INFO - Setting next_dagrun for first to 2026-03-12 04:33:00+00:00, run_after=2026-03-13 04:33:00+00:00
[2026-03-11T22:58:29.795+0000] {processor.py:208} INFO - Processing /app/data/home/dags/firstproj/first_dag.py took 0.035 seconds
[2026-03-11T22:59:00.018+0000] {processor.py:186} INFO - Started process (PID=25) to work on /app/data/home/dags/firstproj/first_dag.py
[2026-03-11T22:59:00.018+0000] {processor.py:914} INFO - Processing file /app/data/home/dags/firstproj/first_dag.py for tasks to queue
[2026-03-11T22:59:00.020+0000] {logging_mixin.py:190} INFO - [2026-03-11T22:59:00.020+0000] {dagbag.py:588} INFO - Filling up the DagBag from /app/data/home/dags/firstproj/first_dag.py
[2026-03-11T22:59:00.029+0000] {processor.py:925} INFO - DAG(s) 'first' retrieved from /app/data/home/dags/firstproj/first_dag.py
[2026-03-11T22:59:00.046+0000] {logging_mixin.py:190} INFO - [2026-03-11T22:59:00.046+0000] {dag.py:3239} INFO - Sync 1 DAGs
[2026-03-11T22:59:00.058+0000] {logging_mixin.py:190} INFO - [2026-03-11T22:59:00.058+0000] {dag.py:4180} INFO - Setting next_dagrun for first to 2026-03-12 04:33:00+00:00, run_after=2026-03-13 04:33:00+00:00
[2026-03-11T22:59:00.065+0000] {processor.py:208} INFO - Processing /app/data/home/dags/firstproj/first_dag.py took 0.052 seconds
[2026-03-11T22:59:16.154+0000] {processor.py:186} INFO - Started process (PID=26) to work on /app/data/home/dags/firstproj/first_dag.py
[2026-03-11T22:59:16.154+0000] {processor.py:914} INFO - Processing file /app/data/home/dags/firstproj/first_dag.py for tasks to queue
[2026-03-11T22:59:16.156+0000] {logging_mixin.py:190} INFO - [2026-03-11T22:59:16.156+0000] {dagbag.py:588} INFO - Filling up the DagBag from /app/data/home/dags/firstproj/first_dag.py
[2026-03-11T22:59:16.167+0000] {processor.py:925} INFO - DAG(s) 'first' retrieved from /app/data/home/dags/firstproj/first_dag.py
[2026-03-11T22:59:16.215+0000] {logging_mixin.py:190} INFO - [2026-03-11T22:59:16.215+0000] {dag.py:3239} INFO - Sync 1 DAGs
[2026-03-11T22:59:16.223+0000] {logging_mixin.py:190} INFO - [2026-03-11T22:59:16.223+0000] {dag.py:4180} INFO - Setting next_dagrun for first to 2026-03-12 04:33:00+00:00, run_after=2026-03-13 04:33:00+00:00
[2026-03-11T22:59:16.231+0000] {processor.py:208} INFO - Processing /app/data/home/dags/firstproj/first_dag.py took 0.082 seconds
[2026-03-11T22:59:46.399+0000] {processor.py:186} INFO - Started process (PID=27) to work on /app/data/home/dags/firstproj/first_dag.py
[2026-03-11T22:59:46.400+0000] {processor.py:914} INFO - Processing file /app/data/home/dags/firstproj/first_dag.py for tasks to queue
[2026-03-11T22:59:46.402+0000] {logging_mixin.py:190} INFO - [2026-03-11T22:59:46.401+0000] {dagbag.py:588} INFO - Filling up the DagBag from /app/data/home/dags/firstproj/first_dag.py
[2026-03-11T22:59:46.409+0000] {processor.py:925} INFO - DAG(s) 'first' retrieved from /app/data/home/dags/firstproj/first_dag.py
[2026-03-11T22:59:46.422+0000] {logging_mixin.py:190} INFO - [2026-03-11T22:59:46.422+0000] {dag.py:3239} INFO - Sync 1 DAGs
[2026-03-11T22:59:46.432+0000] {logging_mixin.py:190} INFO - [2026-03-11T22:59:46.431+0000] {dag.py:4180} INFO - Setting next_dagrun for first to 2026-03-12 04:33:00+00:00, run_after=2026-03-13 04:33:00+00:00
[2026-03-11T22:59:46.438+0000] {processor.py:208} INFO - Processing /app/data/home/dags/firstproj/first_dag.py took 0.042 seconds
[2026-03-11T23:00:16.630+0000] {processor.py:186} INFO - Started process (PID=28) to work on /app/data/home/dags/firstproj/first_dag.py
[2026-03-11T23:00:16.631+0000] {processor.py:914} INFO - Processing file /app/data/home/dags/firstproj/first_dag.py for tasks to queue
[2026-03-11T23:00:16.632+0000] {logging_mixin.py:190} INFO - [2026-03-11T23:00:16.632+0000] {dagbag.py:588} INFO - Filling up the DagBag from /app/data/home/dags/firstproj/first_dag.py
[2026-03-11T23:00:16.639+0000] {processor.py:925} INFO - DAG(s) 'first' retrieved from /app/data/home/dags/firstproj/first_dag.py
[2026-03-11T23:00:16.654+0000] {logging_mixin.py:190} INFO - [2026-03-11T23:00:16.654+0000] {dag.py:3239} INFO - Sync 1 DAGs
[2026-03-11T23:00:16.664+0000] {logging_mixin.py:190} INFO - [2026-03-11T23:00:16.664+0000] {dag.py:4180} INFO - Setting next_dagrun for first to 2026-03-12 04:33:00+00:00, run_after=2026-03-13 04:33:00+00:00
[2026-03-11T23:00:16.671+0000] {processor.py:208} INFO - Processing /app/data/home/dags/firstproj/first_dag.py took 0.046 seconds
[2026-03-11T23:00:46.874+0000] {processor.py:186} INFO - Started process (PID=29) to work on /app/data/home/dags/firstproj/first_dag.py
[2026-03-11T23:00:46.875+0000] {processor.py:914} INFO - Processing file /app/data/home/dags/firstproj/first_dag.py for tasks to queue
[2026-03-11T23:00:46.877+0000] {logging_mixin.py:190} INFO - [2026-03-11T23:00:46.877+0000] {dagbag.py:588} INFO - Filling up the DagBag from /app/data/home/dags/firstproj/first_dag.py
[2026-03-11T23:00:46.885+0000] {processor.py:925} INFO - DAG(s) 'first' retrieved from /app/data/home/dags/firstproj/first_dag.py
[2026-03-11T23:00:46.903+0000] {logging_mixin.py:190} INFO - [2026-03-11T23:00:46.903+0000] {dag.py:3239} INFO - Sync 1 DAGs
[2026-03-11T23:00:46.915+0000] {logging_mixin.py:190} INFO - [2026-03-11T23:00:46.914+0000] {dag.py:4180} INFO - Setting next_dagrun for first to 2026-03-12 04:33:00+00:00, run_after=2026-03-13 04:33:00+00:00
[2026-03-11T23:00:46.922+0000] {processor.py:208} INFO - Processing /app/data/home/dags/firstproj/first_dag.py took 0.055 seconds
[2026-03-11T23:01:17.142+0000] {processor.py:186} INFO - Started process (PID=30) to work on /app/data/home/dags/firstproj/first_dag.py
[2026-03-11T23:01:17.142+0000] {processor.py:914} INFO - Processing file /app/data/home/dags/firstproj/first_dag.py for tasks to queue
[2026-03-11T23:01:17.144+0000] {logging_mixin.py:190} INFO - [2026-03-11T23:01:17.144+0000] {dagbag.py:588} INFO - Filling up the DagBag from /app/data/home/dags/firstproj/first_dag.py
[2026-03-11T23:01:17.152+0000] {processor.py:925} INFO - DAG(s) 'first' retrieved from /app/data/home/dags/firstproj/first_dag.py
[2026-03-11T23:01:17.169+0000] {logging_mixin.py:190} INFO - [2026-03-11T23:01:17.168+0000] {dag.py:3239} INFO - Sync 1 DAGs
[2026-03-11T23:01:17.180+0000] {logging_mixin.py:190} INFO - [2026-03-11T23:01:17.180+0000] {dag.py:4180} INFO - Setting next_dagrun for first to 2026-03-12 04:33:00+00:00, run_after=2026-03-13 04:33:00+00:00
[2026-03-11T23:01:17.188+0000] {processor.py:208} INFO - Processing /app/data/home/dags/firstproj/first_dag.py took 0.051 seconds
[2026-03-11T23:01:47.393+0000] {processor.py:186} INFO - Started process (PID=31) to work on /app/data/home/dags/firstproj/first_dag.py
[2026-03-11T23:01:47.393+0000] {processor.py:914} INFO - Processing file /app/data/home/dags/firstproj/first_dag.py for tasks to queue
[2026-03-11T23:01:47.394+0000] {logging_mixin.py:190} INFO - [2026-03-11T23:01:47.394+0000] {dagbag.py:588} INFO - Filling up the DagBag from /app/data/home/dags/firstproj/first_dag.py
[2026-03-11T23:01:47.399+0000] {processor.py:925} INFO - DAG(s) 'first' retrieved from /app/data/home/dags/firstproj/first_dag.py
[2026-03-11T23:01:47.411+0000] {logging_mixin.py:190} INFO - [2026-03-11T23:01:47.411+0000] {dag.py:3239} INFO - Sync 1 DAGs
[2026-03-11T23:01:47.420+0000] {logging_mixin.py:190} INFO - [2026-03-11T23:01:47.420+0000] {dag.py:4180} INFO - Setting next_dagrun for first to 2026-03-12 04:33:00+00:00, run_after=2026-03-13 04:33:00+00:00
[2026-03-11T23:01:47.426+0000] {processor.py:208} INFO - Processing /app/data/home/dags/firstproj/first_dag.py took 0.036 seconds
