[2026-03-11T22:01:28.077+0000] {manager.py:483} INFO - Processing files using up to 2 processes at a time 
[2026-03-11T22:01:28.078+0000] {manager.py:484} INFO - Process each file at most once every 30 seconds
[2026-03-11T22:01:28.078+0000] {manager.py:485} INFO - Checking for new files in /app/data/home/dags every 300 seconds
[2026-03-11T22:01:28.078+0000] {manager.py:821} INFO - Searching for files in /app/data/home/dags
[2026-03-11T22:01:28.079+0000] {manager.py:824} INFO - There are 0 files in /app/data/home/dags
[2026-03-11T22:06:28.492+0000] {manager.py:821} INFO - Searching for files in /app/data/home/dags
[2026-03-11T22:06:28.495+0000] {manager.py:824} INFO - There are 0 files in /app/data/home/dags
[2026-03-11T22:11:28.979+0000] {manager.py:821} INFO - Searching for files in /app/data/home/dags
[2026-03-11T22:11:28.980+0000] {manager.py:824} INFO - There are 0 files in /app/data/home/dags
[2026-03-11T22:16:29.422+0000] {manager.py:821} INFO - Searching for files in /app/data/home/dags
[2026-03-11T22:16:29.424+0000] {manager.py:824} INFO - There are 0 files in /app/data/home/dags
[2026-03-11T22:21:29.870+0000] {manager.py:821} INFO - Searching for files in /app/data/home/dags
[2026-03-11T22:21:29.871+0000] {manager.py:824} INFO - There are 0 files in /app/data/home/dags
[2026-03-11T22:26:30.319+0000] {manager.py:821} INFO - Searching for files in /app/data/home/dags
[2026-03-11T22:26:30.326+0000] {manager.py:824} INFO - There are 1 files in /app/data/home/dags
[2026-03-11T22:26:40.426+0000] {manager.py:997} INFO - 
================================================================================
DAG File Processing Stats

File Path                                   PID    Runtime      # DAGs    # Errors  Last Runtime    Last Run               Last # of DB Queries
------------------------------------------  -----  ---------  --------  ----------  --------------  -------------------  ----------------------
/app/data/home/dags/firstproj/first_dag.py                           1           0  0.14s           2026-03-11T22:26:30                      45
================================================================================
[2026-03-11T22:27:10.681+0000] {manager.py:997} INFO - 
================================================================================
DAG File Processing Stats

File Path                                   PID    Runtime      # DAGs    # Errors  Last Runtime    Last Run               Last # of DB Queries
------------------------------------------  -----  ---------  --------  ----------  --------------  -------------------  ----------------------
/app/data/home/dags/firstproj/first_dag.py                           1           0  0.05s           2026-03-11T22:27:00                      12
================================================================================
[2026-03-11T22:27:40.904+0000] {manager.py:997} INFO - 
================================================================================
DAG File Processing Stats

File Path                                   PID    Runtime      # DAGs    # Errors  Last Runtime    Last Run               Last # of DB Queries
------------------------------------------  -----  ---------  --------  ----------  --------------  -------------------  ----------------------
/app/data/home/dags/firstproj/first_dag.py                           1           0  0.05s           2026-03-11T22:27:30                      12
================================================================================
[2026-03-11T22:28:11.144+0000] {manager.py:997} INFO - 
================================================================================
DAG File Processing Stats

File Path                                   PID    Runtime      # DAGs    # Errors  Last Runtime    Last Run               Last # of DB Queries
------------------------------------------  -----  ---------  --------  ----------  --------------  -------------------  ----------------------
/app/data/home/dags/firstproj/first_dag.py                           1           0  0.05s           2026-03-11T22:28:01                      12
================================================================================
[2026-03-11T22:28:41.421+0000] {manager.py:997} INFO - 
================================================================================
DAG File Processing Stats

File Path                                   PID    Runtime      # DAGs    # Errors  Last Runtime    Last Run               Last # of DB Queries
------------------------------------------  -----  ---------  --------  ----------  --------------  -------------------  ----------------------
/app/data/home/dags/firstproj/first_dag.py                           1           0  0.06s           2026-03-11T22:28:31                      12
================================================================================
[2026-03-11T22:29:11.724+0000] {manager.py:997} INFO - 
================================================================================
DAG File Processing Stats

File Path                                   PID    Runtime      # DAGs    # Errors  Last Runtime    Last Run               Last # of DB Queries
------------------------------------------  -----  ---------  --------  ----------  --------------  -------------------  ----------------------
/app/data/home/dags/firstproj/first_dag.py                           1           0  0.05s           2026-03-11T22:29:01                      12
================================================================================
[2026-03-11T22:29:41.942+0000] {manager.py:997} INFO - 
================================================================================
DAG File Processing Stats

File Path                                   PID    Runtime      # DAGs    # Errors  Last Runtime    Last Run               Last # of DB Queries
------------------------------------------  -----  ---------  --------  ----------  --------------  -------------------  ----------------------
/app/data/home/dags/firstproj/first_dag.py                           1           0  0.06s           2026-03-11T22:29:31                      12
================================================================================
[2026-03-11T22:30:12.199+0000] {manager.py:997} INFO - 
================================================================================
DAG File Processing Stats

File Path                                   PID    Runtime      # DAGs    # Errors  Last Runtime    Last Run               Last # of DB Queries
------------------------------------------  -----  ---------  --------  ----------  --------------  -------------------  ----------------------
/app/data/home/dags/firstproj/first_dag.py                           1           0  0.05s           2026-03-11T22:30:02                      12
================================================================================
[2026-03-11T22:30:42.443+0000] {manager.py:997} INFO - 
================================================================================
DAG File Processing Stats

File Path                                   PID    Runtime      # DAGs    # Errors  Last Runtime    Last Run               Last # of DB Queries
------------------------------------------  -----  ---------  --------  ----------  --------------  -------------------  ----------------------
/app/data/home/dags/firstproj/first_dag.py                           0           1  0.03s           2026-03-11T22:30:16                       3
================================================================================
[2026-03-11T22:31:12.676+0000] {manager.py:997} INFO - 
================================================================================
DAG File Processing Stats

File Path                                   PID    Runtime      # DAGs    # Errors  Last Runtime    Last Run               Last # of DB Queries
------------------------------------------  -----  ---------  --------  ----------  --------------  -------------------  ----------------------
/app/data/home/dags/firstproj/first_dag.py                           0           1  0.04s           2026-03-11T22:30:46                       5
================================================================================
[2026-03-11T22:31:30.810+0000] {manager.py:821} INFO - Searching for files in /app/data/home/dags
[2026-03-11T22:31:30.817+0000] {manager.py:824} INFO - There are 1 files in /app/data/home/dags
[2026-03-11T22:31:42.923+0000] {manager.py:997} INFO - 
================================================================================
DAG File Processing Stats

File Path                                   PID    Runtime      # DAGs    # Errors  Last Runtime    Last Run               Last # of DB Queries
------------------------------------------  -----  ---------  --------  ----------  --------------  -------------------  ----------------------
/app/data/home/dags/firstproj/first_dag.py                           0           1  0.04s           2026-03-11T22:31:16                       5
================================================================================
[2026-03-11T22:32:13.195+0000] {manager.py:997} INFO - 
================================================================================
DAG File Processing Stats

File Path                                   PID    Runtime      # DAGs    # Errors  Last Runtime    Last Run               Last # of DB Queries
------------------------------------------  -----  ---------  --------  ----------  --------------  -------------------  ----------------------
/app/data/home/dags/firstproj/first_dag.py                           0           1  0.04s           2026-03-11T22:31:47                       5
================================================================================
[2026-03-11T22:32:43.447+0000] {manager.py:997} INFO - 
================================================================================
DAG File Processing Stats

File Path                                   PID    Runtime      # DAGs    # Errors  Last Runtime    Last Run               Last # of DB Queries
------------------------------------------  -----  ---------  --------  ----------  --------------  -------------------  ----------------------
/app/data/home/dags/firstproj/first_dag.py                           0           1  0.03s           2026-03-11T22:32:17                       5
================================================================================
[2026-03-11T22:33:13.676+0000] {manager.py:997} INFO - 
================================================================================
DAG File Processing Stats

File Path                                   PID    Runtime      # DAGs    # Errors  Last Runtime    Last Run               Last # of DB Queries
------------------------------------------  -----  ---------  --------  ----------  --------------  -------------------  ----------------------
/app/data/home/dags/firstproj/first_dag.py                           0           1  0.04s           2026-03-11T22:32:47                       5
================================================================================
[2026-03-11T22:33:43.901+0000] {manager.py:997} INFO - 
================================================================================
DAG File Processing Stats

File Path                                   PID    Runtime      # DAGs    # Errors  Last Runtime    Last Run               Last # of DB Queries
------------------------------------------  -----  ---------  --------  ----------  --------------  -------------------  ----------------------
/app/data/home/dags/firstproj/first_dag.py                           0           1  0.03s           2026-03-11T22:33:17                       5
================================================================================
[2026-03-11T22:34:14.116+0000] {manager.py:997} INFO - 
================================================================================
DAG File Processing Stats

File Path                                   PID    Runtime      # DAGs    # Errors  Last Runtime    Last Run               Last # of DB Queries
------------------------------------------  -----  ---------  --------  ----------  --------------  -------------------  ----------------------
/app/data/home/dags/firstproj/first_dag.py                           0           1  0.04s           2026-03-11T22:33:47                       5
================================================================================
[2026-03-11T22:34:44.386+0000] {manager.py:997} INFO - 
================================================================================
DAG File Processing Stats

File Path                                   PID    Runtime      # DAGs    # Errors  Last Runtime    Last Run               Last # of DB Queries
------------------------------------------  -----  ---------  --------  ----------  --------------  -------------------  ----------------------
/app/data/home/dags/firstproj/first_dag.py                           0           1  0.04s           2026-03-11T22:34:18                       5
================================================================================
[2026-03-11T22:35:14.663+0000] {manager.py:997} INFO - 
================================================================================
DAG File Processing Stats

File Path                                   PID    Runtime      # DAGs    # Errors  Last Runtime    Last Run               Last # of DB Queries
------------------------------------------  -----  ---------  --------  ----------  --------------  -------------------  ----------------------
/app/data/home/dags/firstproj/first_dag.py                           0           1  0.04s           2026-03-11T22:34:48                       5
================================================================================
[2026-03-11T22:35:44.934+0000] {manager.py:997} INFO - 
================================================================================
DAG File Processing Stats

File Path                                   PID    Runtime      # DAGs    # Errors  Last Runtime    Last Run               Last # of DB Queries
------------------------------------------  -----  ---------  --------  ----------  --------------  -------------------  ----------------------
/app/data/home/dags/firstproj/first_dag.py                           0           1  0.02s           2026-03-11T22:35:38                       5
================================================================================
[2026-03-11T22:36:15.215+0000] {manager.py:997} INFO - 
================================================================================
DAG File Processing Stats

File Path                                   PID    Runtime      # DAGs    # Errors  Last Runtime    Last Run               Last # of DB Queries
------------------------------------------  -----  ---------  --------  ----------  --------------  -------------------  ----------------------
/app/data/home/dags/firstproj/first_dag.py                           0           1  0.04s           2026-03-11T22:36:09                       5
================================================================================
[2026-03-11T22:36:31.361+0000] {manager.py:821} INFO - Searching for files in /app/data/home/dags
[2026-03-11T22:36:31.373+0000] {manager.py:824} INFO - There are 1 files in /app/data/home/dags
[2026-03-11T22:36:45.501+0000] {manager.py:997} INFO - 
================================================================================
DAG File Processing Stats

File Path                                   PID    Runtime      # DAGs    # Errors  Last Runtime    Last Run               Last # of DB Queries
------------------------------------------  -----  ---------  --------  ----------  --------------  -------------------  ----------------------
/app/data/home/dags/firstproj/first_dag.py                           0           1  0.04s           2026-03-11T22:36:39                       5
================================================================================
[2026-03-11T22:37:15.773+0000] {manager.py:997} INFO - 
================================================================================
DAG File Processing Stats

File Path                                   PID    Runtime      # DAGs    # Errors  Last Runtime    Last Run               Last # of DB Queries
------------------------------------------  -----  ---------  --------  ----------  --------------  -------------------  ----------------------
/app/data/home/dags/firstproj/first_dag.py                           0           1  0.04s           2026-03-11T22:37:09                       5
================================================================================
[2026-03-11T22:37:46.042+0000] {manager.py:997} INFO - 
================================================================================
DAG File Processing Stats

File Path                                   PID    Runtime      # DAGs    # Errors  Last Runtime    Last Run               Last # of DB Queries
------------------------------------------  -----  ---------  --------  ----------  --------------  -------------------  ----------------------
/app/data/home/dags/firstproj/first_dag.py                           0           1  0.03s           2026-03-11T22:37:40                       5
================================================================================
[2026-03-11T22:38:16.333+0000] {manager.py:997} INFO - 
================================================================================
DAG File Processing Stats

File Path                                   PID    Runtime      # DAGs    # Errors  Last Runtime    Last Run               Last # of DB Queries
------------------------------------------  -----  ---------  --------  ----------  --------------  -------------------  ----------------------
/app/data/home/dags/firstproj/first_dag.py                           0           1  0.04s           2026-03-11T22:38:10                       5
================================================================================
[2026-03-11T22:38:46.630+0000] {manager.py:997} INFO - 
================================================================================
DAG File Processing Stats

File Path                                   PID    Runtime      # DAGs    # Errors  Last Runtime    Last Run               Last # of DB Queries
------------------------------------------  -----  ---------  --------  ----------  --------------  -------------------  ----------------------
/app/data/home/dags/firstproj/first_dag.py                           0           1  0.04s           2026-03-11T22:38:40                       5
================================================================================
[2026-03-11T22:39:16.933+0000] {manager.py:997} INFO - 
================================================================================
DAG File Processing Stats

File Path                                   PID    Runtime      # DAGs    # Errors  Last Runtime    Last Run               Last # of DB Queries
------------------------------------------  -----  ---------  --------  ----------  --------------  -------------------  ----------------------
/app/data/home/dags/firstproj/first_dag.py                           0           1  0.04s           2026-03-11T22:39:10                       5
================================================================================
[2026-03-11T22:39:47.231+0000] {manager.py:997} INFO - 
================================================================================
DAG File Processing Stats

File Path                                   PID    Runtime      # DAGs    # Errors  Last Runtime    Last Run               Last # of DB Queries
------------------------------------------  -----  ---------  --------  ----------  --------------  -------------------  ----------------------
/app/data/home/dags/firstproj/first_dag.py                           0           1  0.04s           2026-03-11T22:39:41                       5
================================================================================
[2026-03-11T22:40:17.545+0000] {manager.py:997} INFO - 
================================================================================
DAG File Processing Stats

File Path                                   PID    Runtime      # DAGs    # Errors  Last Runtime    Last Run               Last # of DB Queries
------------------------------------------  -----  ---------  --------  ----------  --------------  -------------------  ----------------------
/app/data/home/dags/firstproj/first_dag.py                           0           1  0.04s           2026-03-11T22:40:11                       5
================================================================================
[2026-03-11T22:40:47.845+0000] {manager.py:997} INFO - 
================================================================================
DAG File Processing Stats

File Path                                   PID    Runtime      # DAGs    # Errors  Last Runtime    Last Run               Last # of DB Queries
------------------------------------------  -----  ---------  --------  ----------  --------------  -------------------  ----------------------
/app/data/home/dags/firstproj/first_dag.py                           0           1  0.03s           2026-03-11T22:40:41                       5
================================================================================
[2026-03-11T22:41:18.124+0000] {manager.py:997} INFO - 
================================================================================
DAG File Processing Stats

File Path                                   PID    Runtime      # DAGs    # Errors  Last Runtime    Last Run               Last # of DB Queries
------------------------------------------  -----  ---------  --------  ----------  --------------  -------------------  ----------------------
/app/data/home/dags/firstproj/first_dag.py                           0           1  0.03s           2026-03-11T22:41:12                       5
================================================================================
[2026-03-11T22:41:32.267+0000] {manager.py:821} INFO - Searching for files in /app/data/home/dags
[2026-03-11T22:41:32.280+0000] {manager.py:824} INFO - There are 1 files in /app/data/home/dags
[2026-03-11T22:41:48.472+0000] {manager.py:997} INFO - 
================================================================================
DAG File Processing Stats

File Path                                   PID    Runtime      # DAGs    # Errors  Last Runtime    Last Run               Last # of DB Queries
------------------------------------------  -----  ---------  --------  ----------  --------------  -------------------  ----------------------
/app/data/home/dags/firstproj/first_dag.py                           0           1  0.04s           2026-03-11T22:41:42                       5
================================================================================
[2026-03-11T22:42:18.788+0000] {manager.py:997} INFO - 
================================================================================
DAG File Processing Stats

File Path                                   PID    Runtime      # DAGs    # Errors  Last Runtime    Last Run               Last # of DB Queries
------------------------------------------  -----  ---------  --------  ----------  --------------  -------------------  ----------------------
/app/data/home/dags/firstproj/first_dag.py                           0           1  0.03s           2026-03-11T22:42:12                       5
================================================================================
[2026-03-11T22:42:49.091+0000] {manager.py:997} INFO - 
================================================================================
DAG File Processing Stats

File Path                                   PID    Runtime      # DAGs    # Errors  Last Runtime    Last Run               Last # of DB Queries
------------------------------------------  -----  ---------  --------  ----------  --------------  -------------------  ----------------------
/app/data/home/dags/firstproj/first_dag.py                           0           1  0.04s           2026-03-11T22:42:43                       5
================================================================================
[2026-03-11T22:43:19.378+0000] {manager.py:997} INFO - 
================================================================================
DAG File Processing Stats

File Path                                   PID    Runtime      # DAGs    # Errors  Last Runtime    Last Run               Last # of DB Queries
------------------------------------------  -----  ---------  --------  ----------  --------------  -------------------  ----------------------
/app/data/home/dags/firstproj/first_dag.py                           0           1  0.04s           2026-03-11T22:43:13                       5
================================================================================
[2026-03-11T22:43:49.647+0000] {manager.py:997} INFO - 
================================================================================
DAG File Processing Stats

File Path                                   PID    Runtime      # DAGs    # Errors  Last Runtime    Last Run               Last # of DB Queries
------------------------------------------  -----  ---------  --------  ----------  --------------  -------------------  ----------------------
/app/data/home/dags/firstproj/first_dag.py                           0           1  0.03s           2026-03-11T22:43:43                       5
================================================================================
[2026-03-11T22:44:19.902+0000] {manager.py:997} INFO - 
================================================================================
DAG File Processing Stats

File Path                                   PID    Runtime      # DAGs    # Errors  Last Runtime    Last Run               Last # of DB Queries
------------------------------------------  -----  ---------  --------  ----------  --------------  -------------------  ----------------------
/app/data/home/dags/firstproj/first_dag.py                           0           1  0.03s           2026-03-11T22:44:13                       5
================================================================================
[2026-03-11T22:44:50.159+0000] {manager.py:997} INFO - 
================================================================================
DAG File Processing Stats

File Path                                   PID    Runtime      # DAGs    # Errors  Last Runtime    Last Run               Last # of DB Queries
------------------------------------------  -----  ---------  --------  ----------  --------------  -------------------  ----------------------
/app/data/home/dags/firstproj/first_dag.py                           0           1  0.05s           2026-03-11T22:44:44                       5
================================================================================
[2026-03-11T22:45:20.420+0000] {manager.py:997} INFO - 
================================================================================
DAG File Processing Stats

File Path                                   PID    Runtime      # DAGs    # Errors  Last Runtime    Last Run               Last # of DB Queries
------------------------------------------  -----  ---------  --------  ----------  --------------  -------------------  ----------------------
/app/data/home/dags/firstproj/first_dag.py                           0           1  0.03s           2026-03-11T22:45:00                       5
================================================================================
[2026-03-11T22:45:50.662+0000] {manager.py:997} INFO - 
================================================================================
DAG File Processing Stats

File Path                                   PID    Runtime      # DAGs    # Errors  Last Runtime    Last Run               Last # of DB Queries
------------------------------------------  -----  ---------  --------  ----------  --------------  -------------------  ----------------------
/app/data/home/dags/firstproj/first_dag.py                           0           1  0.04s           2026-03-11T22:45:30                       5
================================================================================
[2026-03-11T22:46:20.900+0000] {manager.py:997} INFO - 
================================================================================
DAG File Processing Stats

File Path                                   PID    Runtime      # DAGs    # Errors  Last Runtime    Last Run               Last # of DB Queries
------------------------------------------  -----  ---------  --------  ----------  --------------  -------------------  ----------------------
/app/data/home/dags/firstproj/first_dag.py                           0           1  0.05s           2026-03-11T22:46:00                       5
================================================================================
[2026-03-11T22:46:33.022+0000] {manager.py:821} INFO - Searching for files in /app/data/home/dags
[2026-03-11T22:46:33.035+0000] {manager.py:824} INFO - There are 1 files in /app/data/home/dags
[2026-03-11T22:46:51.163+0000] {manager.py:997} INFO - 
================================================================================
DAG File Processing Stats

File Path                                   PID    Runtime      # DAGs    # Errors  Last Runtime    Last Run               Last # of DB Queries
------------------------------------------  -----  ---------  --------  ----------  --------------  -------------------  ----------------------
/app/data/home/dags/firstproj/first_dag.py                           0           1  0.05s           2026-03-11T22:46:30                       5
================================================================================
[2026-03-11T22:47:21.407+0000] {manager.py:997} INFO - 
================================================================================
DAG File Processing Stats

File Path                                   PID    Runtime      # DAGs    # Errors  Last Runtime    Last Run               Last # of DB Queries
------------------------------------------  -----  ---------  --------  ----------  --------------  -------------------  ----------------------
/app/data/home/dags/firstproj/first_dag.py                           0           1  0.03s           2026-03-11T22:47:00                       5
================================================================================
[2026-03-11T22:47:51.656+0000] {manager.py:997} INFO - 
================================================================================
DAG File Processing Stats

File Path                                   PID    Runtime      # DAGs    # Errors  Last Runtime    Last Run               Last # of DB Queries
------------------------------------------  -----  ---------  --------  ----------  --------------  -------------------  ----------------------
/app/data/home/dags/firstproj/first_dag.py                           0           1  0.03s           2026-03-11T22:47:25                       5
================================================================================
[2026-03-11T22:48:21.921+0000] {manager.py:997} INFO - 
================================================================================
DAG File Processing Stats

File Path                                   PID    Runtime      # DAGs    # Errors  Last Runtime    Last Run               Last # of DB Queries
------------------------------------------  -----  ---------  --------  ----------  --------------  -------------------  ----------------------
/app/data/home/dags/firstproj/first_dag.py                           0           1  0.03s           2026-03-11T22:47:55                       5
================================================================================
[2026-03-11T22:48:52.166+0000] {manager.py:997} INFO - 
================================================================================
DAG File Processing Stats

File Path                                   PID    Runtime      # DAGs    # Errors  Last Runtime    Last Run               Last # of DB Queries
------------------------------------------  -----  ---------  --------  ----------  --------------  -------------------  ----------------------
/app/data/home/dags/firstproj/first_dag.py                           1           0  0.11s           2026-03-11T22:48:48                      34
================================================================================
[2026-03-11T22:49:22.442+0000] {manager.py:997} INFO - 
================================================================================
DAG File Processing Stats

File Path                                   PID    Runtime      # DAGs    # Errors  Last Runtime    Last Run               Last # of DB Queries
------------------------------------------  -----  ---------  --------  ----------  --------------  -------------------  ----------------------
/app/data/home/dags/firstproj/first_dag.py                           1           0  0.07s           2026-03-11T22:49:18                      12
================================================================================
[2026-03-11T22:49:52.705+0000] {manager.py:997} INFO - 
================================================================================
DAG File Processing Stats

File Path                                   PID    Runtime      # DAGs    # Errors  Last Runtime    Last Run               Last # of DB Queries
------------------------------------------  -----  ---------  --------  ----------  --------------  -------------------  ----------------------
/app/data/home/dags/firstproj/first_dag.py                           1           0  0.07s           2026-03-11T22:49:48                      12
================================================================================
[2026-03-11T22:50:22.911+0000] {manager.py:997} INFO - 
================================================================================
DAG File Processing Stats

File Path                                   PID    Runtime      # DAGs    # Errors  Last Runtime    Last Run               Last # of DB Queries
------------------------------------------  -----  ---------  --------  ----------  --------------  -------------------  ----------------------
/app/data/home/dags/firstproj/first_dag.py                           1           0  0.06s           2026-03-11T22:50:18                      12
================================================================================
[2026-03-11T22:50:53.165+0000] {manager.py:997} INFO - 
================================================================================
DAG File Processing Stats

File Path                                   PID    Runtime      # DAGs    # Errors  Last Runtime    Last Run               Last # of DB Queries
------------------------------------------  -----  ---------  --------  ----------  --------------  -------------------  ----------------------
/app/data/home/dags/firstproj/first_dag.py                           1           0  0.07s           2026-03-11T22:50:49                      12
================================================================================
[2026-03-11T22:51:23.439+0000] {manager.py:997} INFO - 
================================================================================
DAG File Processing Stats

File Path                                   PID    Runtime      # DAGs    # Errors  Last Runtime    Last Run               Last # of DB Queries
------------------------------------------  -----  ---------  --------  ----------  --------------  -------------------  ----------------------
/app/data/home/dags/firstproj/first_dag.py                           1           0  0.07s           2026-03-11T22:51:10                      12
================================================================================
[2026-03-11T22:51:33.524+0000] {manager.py:821} INFO - Searching for files in /app/data/home/dags
[2026-03-11T22:51:33.540+0000] {manager.py:824} INFO - There are 1 files in /app/data/home/dags
[2026-03-11T22:51:53.749+0000] {manager.py:997} INFO - 
================================================================================
DAG File Processing Stats

File Path                                   PID    Runtime      # DAGs    # Errors  Last Runtime    Last Run               Last # of DB Queries
------------------------------------------  -----  ---------  --------  ----------  --------------  -------------------  ----------------------
/app/data/home/dags/firstproj/first_dag.py                           1           0  0.06s           2026-03-11T22:51:40                      12
================================================================================
[2026-03-11T22:52:24.049+0000] {manager.py:997} INFO - 
================================================================================
DAG File Processing Stats

File Path                                   PID    Runtime      # DAGs    # Errors  Last Runtime    Last Run               Last # of DB Queries
------------------------------------------  -----  ---------  --------  ----------  --------------  -------------------  ----------------------
/app/data/home/dags/firstproj/first_dag.py                           1           0  0.07s           2026-03-11T22:52:10                      12
================================================================================
[2026-03-11T22:52:54.330+0000] {manager.py:997} INFO - 
================================================================================
DAG File Processing Stats

File Path                                   PID    Runtime      # DAGs    # Errors  Last Runtime    Last Run               Last # of DB Queries
------------------------------------------  -----  ---------  --------  ----------  --------------  -------------------  ----------------------
/app/data/home/dags/firstproj/first_dag.py                           1           0  0.08s           2026-03-11T22:52:41                      12
================================================================================
[2026-03-11T22:53:24.643+0000] {manager.py:997} INFO - 
================================================================================
DAG File Processing Stats

File Path                                   PID    Runtime      # DAGs    # Errors  Last Runtime    Last Run               Last # of DB Queries
------------------------------------------  -----  ---------  --------  ----------  --------------  -------------------  ----------------------
/app/data/home/dags/firstproj/first_dag.py                           1           0  0.10s           2026-03-11T22:53:23                      34
================================================================================
[2026-03-11T22:53:54.995+0000] {manager.py:997} INFO - 
================================================================================
DAG File Processing Stats

File Path                                   PID    Runtime      # DAGs    # Errors  Last Runtime    Last Run               Last # of DB Queries
------------------------------------------  -----  ---------  --------  ----------  --------------  -------------------  ----------------------
/app/data/home/dags/firstproj/first_dag.py                           1           0  0.08s           2026-03-11T22:53:53                      12
================================================================================
[2026-03-11T22:54:12.212+0000] {manager.py:483} INFO - Processing files using up to 2 processes at a time 
[2026-03-11T22:54:12.212+0000] {manager.py:484} INFO - Process each file at most once every 30 seconds
[2026-03-11T22:54:12.213+0000] {manager.py:485} INFO - Checking for new files in /app/data/home/dags every 300 seconds
[2026-03-11T22:54:12.213+0000] {manager.py:821} INFO - Searching for files in /app/data/home/dags
[2026-03-11T22:54:12.215+0000] {manager.py:824} INFO - There are 1 files in /app/data/home/dags
[2026-03-11T22:54:12.236+0000] {manager.py:997} INFO - 
================================================================================
DAG File Processing Stats

File Path                                     PID  Runtime      # DAGs    # Errors  Last Runtime    Last Run      Last # of DB Queries
------------------------------------------  -----  ---------  --------  ----------  --------------  ----------  ----------------------
/app/data/home/dags/firstproj/first_dag.py     23  0.01s             0           0                                                   0
================================================================================
[2026-03-11T22:54:42.467+0000] {manager.py:997} INFO - 
================================================================================
DAG File Processing Stats

File Path                                     PID  Runtime      # DAGs    # Errors  Last Runtime    Last Run               Last # of DB Queries
------------------------------------------  -----  ---------  --------  ----------  --------------  -------------------  ----------------------
/app/data/home/dags/firstproj/first_dag.py     25  0.01s             1           0  0.04s           2026-03-11T22:54:12                      12
================================================================================
[2026-03-11T22:55:12.803+0000] {manager.py:997} INFO - 
================================================================================
DAG File Processing Stats

File Path                                   PID    Runtime      # DAGs    # Errors  Last Runtime    Last Run               Last # of DB Queries
------------------------------------------  -----  ---------  --------  ----------  --------------  -------------------  ----------------------
/app/data/home/dags/firstproj/first_dag.py                           1           0  0.10s           2026-03-11T22:54:47                      34
================================================================================
[2026-03-11T22:55:43.115+0000] {manager.py:997} INFO - 
================================================================================
DAG File Processing Stats

File Path                                   PID    Runtime      # DAGs    # Errors  Last Runtime    Last Run               Last # of DB Queries
------------------------------------------  -----  ---------  --------  ----------  --------------  -------------------  ----------------------
/app/data/home/dags/firstproj/first_dag.py                           1           0  0.06s           2026-03-11T22:55:17                      12
================================================================================
[2026-03-11T22:56:13.403+0000] {manager.py:997} INFO - 
================================================================================
DAG File Processing Stats

File Path                                   PID    Runtime      # DAGs    # Errors  Last Runtime    Last Run               Last # of DB Queries
------------------------------------------  -----  ---------  --------  ----------  --------------  -------------------  ----------------------
/app/data/home/dags/firstproj/first_dag.py                           1           0  0.06s           2026-03-11T22:55:48                      12
================================================================================
[2026-03-11T22:56:43.656+0000] {manager.py:997} INFO - 
================================================================================
DAG File Processing Stats

File Path                                   PID    Runtime      # DAGs    # Errors  Last Runtime    Last Run               Last # of DB Queries
------------------------------------------  -----  ---------  --------  ----------  --------------  -------------------  ----------------------
/app/data/home/dags/firstproj/first_dag.py                           1           0  0.05s           2026-03-11T22:56:18                      12
================================================================================
[2026-03-11T22:57:13.941+0000] {manager.py:997} INFO - 
================================================================================
DAG File Processing Stats

File Path                                   PID    Runtime      # DAGs    # Errors  Last Runtime    Last Run               Last # of DB Queries
------------------------------------------  -----  ---------  --------  ----------  --------------  -------------------  ----------------------
/app/data/home/dags/firstproj/first_dag.py                           1           0  0.06s           2026-03-11T22:56:48                      12
================================================================================
[2026-03-11T22:57:44.210+0000] {manager.py:997} INFO - 
================================================================================
DAG File Processing Stats

File Path                                   PID    Runtime      # DAGs    # Errors  Last Runtime    Last Run               Last # of DB Queries
------------------------------------------  -----  ---------  --------  ----------  --------------  -------------------  ----------------------
/app/data/home/dags/firstproj/first_dag.py                           1           0  0.07s           2026-03-11T22:57:19                      12
================================================================================
[2026-03-11T22:58:14.492+0000] {manager.py:997} INFO - 
================================================================================
DAG File Processing Stats

File Path                                   PID    Runtime      # DAGs    # Errors  Last Runtime    Last Run               Last # of DB Queries
------------------------------------------  -----  ---------  --------  ----------  --------------  -------------------  ----------------------
/app/data/home/dags/firstproj/first_dag.py                           1           0  0.05s           2026-03-11T22:57:49                      12
================================================================================
[2026-03-11T22:58:29.740+0000] {manager.py:483} INFO - Processing files using up to 2 processes at a time 
[2026-03-11T22:58:29.740+0000] {manager.py:484} INFO - Process each file at most once every 30 seconds
[2026-03-11T22:58:29.741+0000] {manager.py:485} INFO - Checking for new files in /app/data/home/dags every 300 seconds
[2026-03-11T22:58:29.741+0000] {manager.py:821} INFO - Searching for files in /app/data/home/dags
[2026-03-11T22:58:29.744+0000] {manager.py:824} INFO - There are 1 files in /app/data/home/dags
[2026-03-11T22:58:29.765+0000] {manager.py:997} INFO - 
================================================================================
DAG File Processing Stats

File Path                                     PID  Runtime      # DAGs    # Errors  Last Runtime    Last Run      Last # of DB Queries
------------------------------------------  -----  ---------  --------  ----------  --------------  ----------  ----------------------
/app/data/home/dags/firstproj/first_dag.py     23  0.01s             0           0                                                   0
================================================================================
[2026-03-11T22:59:00.009+0000] {manager.py:997} INFO - 
================================================================================
DAG File Processing Stats

File Path                                     PID  Runtime      # DAGs    # Errors  Last Runtime    Last Run               Last # of DB Queries
------------------------------------------  -----  ---------  --------  ----------  --------------  -------------------  ----------------------
/app/data/home/dags/firstproj/first_dag.py     25  0.00s             1           0  0.04s           2026-03-11T22:58:29                      12
================================================================================
[2026-03-11T22:59:30.271+0000] {manager.py:997} INFO - 
================================================================================
DAG File Processing Stats

File Path                                   PID    Runtime      # DAGs    # Errors  Last Runtime    Last Run               Last # of DB Queries
------------------------------------------  -----  ---------  --------  ----------  --------------  -------------------  ----------------------
/app/data/home/dags/firstproj/first_dag.py                           1           0  0.09s           2026-03-11T22:59:16                      34
================================================================================
[2026-03-11T23:00:00.517+0000] {manager.py:997} INFO - 
================================================================================
DAG File Processing Stats

File Path                                   PID    Runtime      # DAGs    # Errors  Last Runtime    Last Run               Last # of DB Queries
------------------------------------------  -----  ---------  --------  ----------  --------------  -------------------  ----------------------
/app/data/home/dags/firstproj/first_dag.py                           1           0  0.05s           2026-03-11T22:59:46                      12
================================================================================
[2026-03-11T23:00:30.716+0000] {manager.py:997} INFO - 
================================================================================
DAG File Processing Stats

File Path                                   PID    Runtime      # DAGs    # Errors  Last Runtime    Last Run               Last # of DB Queries
------------------------------------------  -----  ---------  --------  ----------  --------------  -------------------  ----------------------
/app/data/home/dags/firstproj/first_dag.py                           1           0  0.05s           2026-03-11T23:00:16                      12
================================================================================
[2026-03-11T23:01:00.981+0000] {manager.py:997} INFO - 
================================================================================
DAG File Processing Stats

File Path                                   PID    Runtime      # DAGs    # Errors  Last Runtime    Last Run               Last # of DB Queries
------------------------------------------  -----  ---------  --------  ----------  --------------  -------------------  ----------------------
/app/data/home/dags/firstproj/first_dag.py                           1           0  0.07s           2026-03-11T23:00:46                      12
================================================================================
[2026-03-11T23:01:31.258+0000] {manager.py:997} INFO - 
================================================================================
DAG File Processing Stats

File Path                                   PID    Runtime      # DAGs    # Errors  Last Runtime    Last Run               Last # of DB Queries
------------------------------------------  -----  ---------  --------  ----------  --------------  -------------------  ----------------------
/app/data/home/dags/firstproj/first_dag.py                           1           0  0.07s           2026-03-11T23:01:17                      12
================================================================================
[2026-03-11T23:02:01.482+0000] {manager.py:997} INFO - 
================================================================================
DAG File Processing Stats

File Path                                   PID    Runtime      # DAGs    # Errors  Last Runtime    Last Run               Last # of DB Queries
------------------------------------------  -----  ---------  --------  ----------  --------------  -------------------  ----------------------
/app/data/home/dags/firstproj/first_dag.py                           1           0  0.04s           2026-03-11T23:01:47                      12
================================================================================
